2019-01-15 11:49:07,573 com.Application [main] (StartupInfoLogger.java:48) INFO  --> Starting Application on bjhldeMacBook-Pro-112.local with PID 17398 (/Users/bjhl/IdeaProjects/mybill/app/target/classes started by bjhl in /Users/bjhl/IdeaProjects/mybill)
2019-01-15 11:49:07,575 com.Application [main] (SpringApplication.java:593) INFO  --> No active profile set, falling back to default profiles: default
2019-01-15 11:49:07,615 org.springframework.boot.context.embedded.AnnotationConfigEmbeddedWebApplicationContext [main] (AbstractApplicationContext.java:583) INFO  --> Refreshing org.springframework.boot.context.embedded.AnnotationConfigEmbeddedWebApplicationContext@543e710e: startup date [Tue Jan 15 11:49:07 CST 2019]; root of context hierarchy
2019-01-15 11:49:07,752 org.hibernate.validator.internal.util.Version [background-preinit] (Version.java:30) INFO  --> HV000001: Hibernate Validator 5.3.6.Final
2019-01-15 11:49:09,310 org.springframework.boot.context.embedded.tomcat.TomcatEmbeddedServletContainer [main] (TomcatEmbeddedServletContainer.java:89) INFO  --> Tomcat initialized with port(s): 8082 (http)
2019-01-15 11:49:09,377 org.springframework.web.context.ContextLoader [localhost-startStop-1] (EmbeddedWebApplicationContext.java:276) INFO  --> Root WebApplicationContext: initialization completed in 1764 ms
2019-01-15 11:49:09,455 org.springframework.boot.web.servlet.ServletRegistrationBean [localhost-startStop-1] (ServletRegistrationBean.java:190) INFO  --> Mapping servlet: 'dispatcherServlet' to [/]
2019-01-15 11:49:09,457 org.springframework.boot.web.servlet.FilterRegistrationBean [localhost-startStop-1] (AbstractFilterRegistrationBean.java:258) INFO  --> Mapping filter: 'characterEncodingFilter' to: [/*]
2019-01-15 11:49:09,458 org.springframework.boot.web.servlet.FilterRegistrationBean [localhost-startStop-1] (AbstractFilterRegistrationBean.java:258) INFO  --> Mapping filter: 'hiddenHttpMethodFilter' to: [/*]
2019-01-15 11:49:09,458 org.springframework.boot.web.servlet.FilterRegistrationBean [localhost-startStop-1] (AbstractFilterRegistrationBean.java:258) INFO  --> Mapping filter: 'httpPutFormContentFilter' to: [/*]
2019-01-15 11:49:09,458 org.springframework.boot.web.servlet.FilterRegistrationBean [localhost-startStop-1] (AbstractFilterRegistrationBean.java:258) INFO  --> Mapping filter: 'requestContextFilter' to: [/*]
2019-01-15 11:49:09,816 org.springframework.web.servlet.mvc.method.annotation.RequestMappingHandlerAdapter [main] (RequestMappingHandlerAdapter.java:556) INFO  --> Looking for @ControllerAdvice: org.springframework.boot.context.embedded.AnnotationConfigEmbeddedWebApplicationContext@543e710e: startup date [Tue Jan 15 11:49:07 CST 2019]; root of context hierarchy
2019-01-15 11:49:09,859 org.springframework.web.servlet.mvc.method.annotation.RequestMappingHandlerMapping [main] (AbstractHandlerMethodMapping.java:543) INFO  --> Mapped "{[/hello]}" onto public java.lang.String com.controller.HelloController.index()
2019-01-15 11:49:09,861 org.springframework.web.servlet.mvc.method.annotation.RequestMappingHandlerMapping [main] (AbstractHandlerMethodMapping.java:543) INFO  --> Mapped "{[/login/user]}" onto public com.dto.User com.controller.user.LoginController.get(java.lang.Long)
2019-01-15 11:49:09,863 org.springframework.web.servlet.mvc.method.annotation.RequestMappingHandlerMapping [main] (AbstractHandlerMethodMapping.java:543) INFO  --> Mapped "{[/error]}" onto public org.springframework.http.ResponseEntity<java.util.Map<java.lang.String, java.lang.Object>> org.springframework.boot.autoconfigure.web.BasicErrorController.error(javax.servlet.http.HttpServletRequest)
2019-01-15 11:49:09,864 org.springframework.web.servlet.mvc.method.annotation.RequestMappingHandlerMapping [main] (AbstractHandlerMethodMapping.java:543) INFO  --> Mapped "{[/error],produces=[text/html]}" onto public org.springframework.web.servlet.ModelAndView org.springframework.boot.autoconfigure.web.BasicErrorController.errorHtml(javax.servlet.http.HttpServletRequest,javax.servlet.http.HttpServletResponse)
2019-01-15 11:49:09,885 org.springframework.web.servlet.handler.SimpleUrlHandlerMapping [main] (AbstractUrlHandlerMapping.java:362) INFO  --> Mapped URL path [/webjars/**] onto handler of type [class org.springframework.web.servlet.resource.ResourceHttpRequestHandler]
2019-01-15 11:49:09,885 org.springframework.web.servlet.handler.SimpleUrlHandlerMapping [main] (AbstractUrlHandlerMapping.java:362) INFO  --> Mapped URL path [/**] onto handler of type [class org.springframework.web.servlet.resource.ResourceHttpRequestHandler]
2019-01-15 11:49:09,909 org.springframework.web.servlet.handler.SimpleUrlHandlerMapping [main] (AbstractUrlHandlerMapping.java:362) INFO  --> Mapped URL path [/**/favicon.ico] onto handler of type [class org.springframework.web.servlet.resource.ResourceHttpRequestHandler]
2019-01-15 11:49:10,079 org.springframework.jmx.export.annotation.AnnotationMBeanExporter [main] (MBeanExporter.java:431) INFO  --> Registering beans for JMX exposure on startup
2019-01-15 11:49:10,134 org.springframework.boot.context.embedded.tomcat.TomcatEmbeddedServletContainer [main] (TomcatEmbeddedServletContainer.java:201) INFO  --> Tomcat started on port(s): 8082 (http)
2019-01-15 11:49:10,139 com.Application [main] (StartupInfoLogger.java:57) INFO  --> Started Application in 2.728 seconds (JVM running for 3.289)
2019-01-15 16:57:23,894 org.springframework.boot.context.embedded.AnnotationConfigEmbeddedWebApplicationContext [Thread-9] (AbstractApplicationContext.java:984) INFO  --> Closing org.springframework.boot.context.embedded.AnnotationConfigEmbeddedWebApplicationContext@543e710e: startup date [Tue Jan 15 11:49:07 CST 2019]; root of context hierarchy
2019-01-15 16:57:23,913 org.springframework.jmx.export.annotation.AnnotationMBeanExporter [Thread-9] (MBeanExporter.java:449) INFO  --> Unregistering JMX-exposed beans on shutdown
