2019-05-25 23:31:11,158 com.Application [main] (StartupInfoLogger.java:48) INFO  --> Starting Application on bjhldeMacBook-Pro-112.local with PID 37245 (/Users/bjhl/IdeaProjects/mybill/app/target/classes started by bjhl in /Users/bjhl/IdeaProjects/mybill)
2019-05-25 23:31:11,161 com.Application [main] (SpringApplication.java:593) INFO  --> No active profile set, falling back to default profiles: default
2019-05-25 23:31:11,238 org.springframework.boot.context.embedded.AnnotationConfigEmbeddedWebApplicationContext [main] (AbstractApplicationContext.java:583) INFO  --> Refreshing org.springframework.boot.context.embedded.AnnotationConfigEmbeddedWebApplicationContext@130f889: startup date [Sat May 25 23:31:11 CST 2019]; root of context hierarchy
2019-05-25 23:31:11,382 org.hibernate.validator.internal.util.Version [background-preinit] (Version.java:30) INFO  --> HV000001: Hibernate Validator 5.3.6.Final
2019-05-25 23:31:14,661 org.springframework.boot.context.embedded.tomcat.TomcatEmbeddedServletContainer [main] (TomcatEmbeddedServletContainer.java:89) INFO  --> Tomcat initialized with port(s): 8082 (http)
2019-05-25 23:31:14,749 org.springframework.web.context.ContextLoader [localhost-startStop-1] (EmbeddedWebApplicationContext.java:276) INFO  --> Root WebApplicationContext: initialization completed in 3521 ms
2019-05-25 23:31:14,838 org.springframework.boot.web.servlet.ServletRegistrationBean [localhost-startStop-1] (ServletRegistrationBean.java:190) INFO  --> Mapping servlet: 'dispatcherServlet' to [/]
2019-05-25 23:31:14,842 org.springframework.boot.web.servlet.FilterRegistrationBean [localhost-startStop-1] (AbstractFilterRegistrationBean.java:258) INFO  --> Mapping filter: 'characterEncodingFilter' to: [/*]
2019-05-25 23:31:14,842 org.springframework.boot.web.servlet.FilterRegistrationBean [localhost-startStop-1] (AbstractFilterRegistrationBean.java:258) INFO  --> Mapping filter: 'hiddenHttpMethodFilter' to: [/*]
2019-05-25 23:31:14,842 org.springframework.boot.web.servlet.FilterRegistrationBean [localhost-startStop-1] (AbstractFilterRegistrationBean.java:258) INFO  --> Mapping filter: 'httpPutFormContentFilter' to: [/*]
2019-05-25 23:31:14,843 org.springframework.boot.web.servlet.FilterRegistrationBean [localhost-startStop-1] (AbstractFilterRegistrationBean.java:258) INFO  --> Mapping filter: 'requestContextFilter' to: [/*]
2019-05-25 23:31:14,843 org.springframework.boot.web.servlet.FilterRegistrationBean [localhost-startStop-1] (AbstractFilterRegistrationBean.java:258) INFO  --> Mapping filter: 'crossFilter' to: [/*]
2019-05-25 23:31:15,598 org.springframework.web.servlet.mvc.method.annotation.RequestMappingHandlerAdapter [main] (RequestMappingHandlerAdapter.java:556) INFO  --> Looking for @ControllerAdvice: org.springframework.boot.context.embedded.AnnotationConfigEmbeddedWebApplicationContext@130f889: startup date [Sat May 25 23:31:11 CST 2019]; root of context hierarchy
2019-05-25 23:31:15,659 org.springframework.web.servlet.mvc.method.annotation.RequestMappingHandlerMapping [main] (AbstractHandlerMethodMapping.java:543) INFO  --> Mapped "{[/hello]}" onto public java.lang.String com.controller.HelloController.index()
2019-05-25 23:31:15,665 org.springframework.web.servlet.mvc.method.annotation.RequestMappingHandlerMapping [main] (AbstractHandlerMethodMapping.java:543) INFO  --> Mapped "{[/bill/getSpecies],methods=[GET]}" onto public com.util.RestResponse<java.util.List<com.model.auto.Species>> com.controller.bill.BillController.getSpecies(long,int)
2019-05-25 23:31:15,666 org.springframework.web.servlet.mvc.method.annotation.RequestMappingHandlerMapping [main] (AbstractHandlerMethodMapping.java:543) INFO  --> Mapped "{[/bill/getDelSystemSpecies],methods=[GET]}" onto public com.util.RestResponse<java.util.List<com.model.auto.Species>> com.controller.bill.BillController.getDelSystemSpecies(long,int)
2019-05-25 23:31:15,667 org.springframework.web.servlet.mvc.method.annotation.RequestMappingHandlerMapping [main] (AbstractHandlerMethodMapping.java:543) INFO  --> Mapped "{[/bill/addSpecies],methods=[POST]}" onto public com.util.RestResponse<java.lang.Integer> com.controller.bill.BillController.addSpecies(com.dto.request.AddSpeciesRequestDto)
2019-05-25 23:31:15,667 org.springframework.web.servlet.mvc.method.annotation.RequestMappingHandlerMapping [main] (AbstractHandlerMethodMapping.java:543) INFO  --> Mapped "{[/bill/deleteSpecies],methods=[GET]}" onto public com.util.RestResponse<java.lang.Boolean> com.controller.bill.BillController.deleteSpecies(java.lang.Long)
2019-05-25 23:31:15,668 org.springframework.web.servlet.mvc.method.annotation.RequestMappingHandlerMapping [main] (AbstractHandlerMethodMapping.java:543) INFO  --> Mapped "{[/bill/addSystemSpecies],methods=[GET]}" onto public com.util.RestResponse<java.lang.Boolean> com.controller.bill.BillController.addSystemSpecies(java.lang.Long)
2019-05-25 23:31:15,668 org.springframework.web.servlet.mvc.method.annotation.RequestMappingHandlerMapping [main] (AbstractHandlerMethodMapping.java:543) INFO  --> Mapped "{[/bill/addAmount],methods=[POST]}" onto public com.util.RestResponse<java.lang.Integer> com.controller.bill.BillController.addAmount(com.dto.request.AddAmountRequestDto)
2019-05-25 23:31:15,668 org.springframework.web.servlet.mvc.method.annotation.RequestMappingHandlerMapping [main] (AbstractHandlerMethodMapping.java:543) INFO  --> Mapped "{[/bill/getAmount],methods=[GET]}" onto public com.util.RestResponse<java.util.List<com.dto.response.AmountResponseDto>> com.controller.bill.BillController.getAmount(long,java.lang.Integer)
2019-05-25 23:31:15,669 org.springframework.web.servlet.mvc.method.annotation.RequestMappingHandlerMapping [main] (AbstractHandlerMethodMapping.java:543) INFO  --> Mapped "{[/bill/createAccount],methods=[POST]}" onto public com.util.RestResponse<java.lang.Boolean> com.controller.bill.BillController.createAccount(com.dto.common.CreateAccountDto)
2019-05-25 23:31:15,669 org.springframework.web.servlet.mvc.method.annotation.RequestMappingHandlerMapping [main] (AbstractHandlerMethodMapping.java:543) INFO  --> Mapped "{[/bill/getAccount],methods=[GET]}" onto public com.util.RestResponse<java.util.List<com.dto.response.AccountResponseDto>> com.controller.bill.BillController.getAccount(long)
2019-05-25 23:31:15,670 org.springframework.web.servlet.mvc.method.annotation.RequestMappingHandlerMapping [main] (AbstractHandlerMethodMapping.java:543) INFO  --> Mapped "{[/bill/deleteAccount],methods=[GET]}" onto public com.util.RestResponse<java.lang.Boolean> com.controller.bill.BillController.deleteAccount(long)
2019-05-25 23:31:15,670 org.springframework.web.servlet.mvc.method.annotation.RequestMappingHandlerMapping [main] (AbstractHandlerMethodMapping.java:543) INFO  --> Mapped "{[/statistics/export],methods=[POST]}" onto public com.util.RestResponse<java.util.List<com.dto.response.StatisticsPercentageResponseDto>> com.controller.statistice.StatisticsController.getExportStatisticsInfo(com.dto.request.StatisticsPercentageRequestDto)
2019-05-25 23:31:15,672 org.springframework.web.servlet.mvc.method.annotation.RequestMappingHandlerMapping [main] (AbstractHandlerMethodMapping.java:543) INFO  --> Mapped "{[/user/login],methods=[POST]}" onto public boolean com.controller.user.UserController.login(com.dto.LoginDto)
2019-05-25 23:31:15,672 org.springframework.web.servlet.mvc.method.annotation.RequestMappingHandlerMapping [main] (AbstractHandlerMethodMapping.java:543) INFO  --> Mapped "{[/user/isHadUserNumber],methods=[GET]}" onto public boolean com.controller.user.UserController.isHadUserNumber(long)
2019-05-25 23:31:15,673 org.springframework.web.servlet.mvc.method.annotation.RequestMappingHandlerMapping [main] (AbstractHandlerMethodMapping.java:543) INFO  --> Mapped "{[/user/verifyPassword],methods=[POST]}" onto public boolean com.controller.user.UserController.verifyPassword(com.dto.LoginDto)
2019-05-25 23:31:15,673 org.springframework.web.servlet.mvc.method.annotation.RequestMappingHandlerMapping [main] (AbstractHandlerMethodMapping.java:543) INFO  --> Mapped "{[/user/createUser],methods=[POST]}" onto public boolean com.controller.user.UserController.createUser(com.dto.CreateUserDto)
2019-05-25 23:31:15,673 org.springframework.web.servlet.mvc.method.annotation.RequestMappingHandlerMapping [main] (AbstractHandlerMethodMapping.java:543) INFO  --> Mapped "{[/user/addMember],methods=[POST]}" onto public com.util.RestResponse<java.lang.Integer> com.controller.user.UserController.addMember(com.dto.request.AddMemberRequest)
2019-05-25 23:31:15,676 org.springframework.web.servlet.mvc.method.annotation.RequestMappingHandlerMapping [main] (AbstractHandlerMethodMapping.java:543) INFO  --> Mapped "{[/error]}" onto public org.springframework.http.ResponseEntity<java.util.Map<java.lang.String, java.lang.Object>> org.springframework.boot.autoconfigure.web.BasicErrorController.error(javax.servlet.http.HttpServletRequest)
2019-05-25 23:31:15,676 org.springframework.web.servlet.mvc.method.annotation.RequestMappingHandlerMapping [main] (AbstractHandlerMethodMapping.java:543) INFO  --> Mapped "{[/error],produces=[text/html]}" onto public org.springframework.web.servlet.ModelAndView org.springframework.boot.autoconfigure.web.BasicErrorController.errorHtml(javax.servlet.http.HttpServletRequest,javax.servlet.http.HttpServletResponse)
2019-05-25 23:31:15,700 org.springframework.web.servlet.handler.SimpleUrlHandlerMapping [main] (AbstractUrlHandlerMapping.java:362) INFO  --> Mapped URL path [/webjars/**] onto handler of type [class org.springframework.web.servlet.resource.ResourceHttpRequestHandler]
2019-05-25 23:31:15,700 org.springframework.web.servlet.handler.SimpleUrlHandlerMapping [main] (AbstractUrlHandlerMapping.java:362) INFO  --> Mapped URL path [/**] onto handler of type [class org.springframework.web.servlet.resource.ResourceHttpRequestHandler]
2019-05-25 23:31:15,730 org.springframework.web.servlet.handler.SimpleUrlHandlerMapping [main] (AbstractUrlHandlerMapping.java:362) INFO  --> Mapped URL path [/**/favicon.ico] onto handler of type [class org.springframework.web.servlet.resource.ResourceHttpRequestHandler]
2019-05-25 23:31:16,147 org.springframework.jmx.export.annotation.AnnotationMBeanExporter [main] (MBeanExporter.java:431) INFO  --> Registering beans for JMX exposure on startup
2019-05-25 23:31:16,227 org.springframework.boot.context.embedded.tomcat.TomcatEmbeddedServletContainer [main] (TomcatEmbeddedServletContainer.java:201) INFO  --> Tomcat started on port(s): 8082 (http)
2019-05-25 23:31:16,231 com.Application [main] (StartupInfoLogger.java:57) INFO  --> Started Application in 5.455 seconds (JVM running for 6.749)
2019-05-25 23:31:52,870 org.springframework.web.servlet.DispatcherServlet [http-nio-8082-exec-1] (FrameworkServlet.java:489) INFO  --> FrameworkServlet 'dispatcherServlet': initialization started
2019-05-25 23:31:52,912 org.springframework.web.servlet.DispatcherServlet [http-nio-8082-exec-1] (FrameworkServlet.java:508) INFO  --> FrameworkServlet 'dispatcherServlet': initialization completed in 40 ms
