2019-05-22 11:29:56,926 com.Application [main] (StartupInfoLogger.java:48) INFO  --> Starting Application on bjhldeMacBook-Pro-112.local with PID 15832 (/Users/bjhl/IdeaProjects/mybill/app/target/classes started by bjhl in /Users/bjhl/IdeaProjects/mybill)
2019-05-22 11:29:56,929 com.Application [main] (SpringApplication.java:593) INFO  --> No active profile set, falling back to default profiles: default
2019-05-22 11:29:57,089 org.springframework.boot.context.embedded.AnnotationConfigEmbeddedWebApplicationContext [main] (AbstractApplicationContext.java:583) INFO  --> Refreshing org.springframework.boot.context.embedded.AnnotationConfigEmbeddedWebApplicationContext@130f889: startup date [Wed May 22 11:29:57 CST 2019]; root of context hierarchy
2019-05-22 11:29:57,496 org.hibernate.validator.internal.util.Version [background-preinit] (Version.java:30) INFO  --> HV000001: Hibernate Validator 5.3.6.Final
2019-05-22 11:30:00,482 org.springframework.boot.context.embedded.tomcat.TomcatEmbeddedServletContainer [main] (TomcatEmbeddedServletContainer.java:89) INFO  --> Tomcat initialized with port(s): 8082 (http)
2019-05-22 11:30:00,588 org.springframework.web.context.ContextLoader [localhost-startStop-1] (EmbeddedWebApplicationContext.java:276) INFO  --> Root WebApplicationContext: initialization completed in 3507 ms
2019-05-22 11:30:00,681 org.springframework.boot.web.servlet.ServletRegistrationBean [localhost-startStop-1] (ServletRegistrationBean.java:190) INFO  --> Mapping servlet: 'dispatcherServlet' to [/]
2019-05-22 11:30:00,686 org.springframework.boot.web.servlet.FilterRegistrationBean [localhost-startStop-1] (AbstractFilterRegistrationBean.java:258) INFO  --> Mapping filter: 'characterEncodingFilter' to: [/*]
2019-05-22 11:30:00,687 org.springframework.boot.web.servlet.FilterRegistrationBean [localhost-startStop-1] (AbstractFilterRegistrationBean.java:258) INFO  --> Mapping filter: 'hiddenHttpMethodFilter' to: [/*]
2019-05-22 11:30:00,687 org.springframework.boot.web.servlet.FilterRegistrationBean [localhost-startStop-1] (AbstractFilterRegistrationBean.java:258) INFO  --> Mapping filter: 'httpPutFormContentFilter' to: [/*]
2019-05-22 11:30:00,688 org.springframework.boot.web.servlet.FilterRegistrationBean [localhost-startStop-1] (AbstractFilterRegistrationBean.java:258) INFO  --> Mapping filter: 'requestContextFilter' to: [/*]
2019-05-22 11:30:00,688 org.springframework.boot.web.servlet.FilterRegistrationBean [localhost-startStop-1] (AbstractFilterRegistrationBean.java:258) INFO  --> Mapping filter: 'crossFilter' to: [/*]
2019-05-22 11:30:01,840 org.springframework.web.servlet.mvc.method.annotation.RequestMappingHandlerAdapter [main] (RequestMappingHandlerAdapter.java:556) INFO  --> Looking for @ControllerAdvice: org.springframework.boot.context.embedded.AnnotationConfigEmbeddedWebApplicationContext@130f889: startup date [Wed May 22 11:29:57 CST 2019]; root of context hierarchy
2019-05-22 11:30:01,909 org.springframework.web.servlet.mvc.method.annotation.RequestMappingHandlerMapping [main] (AbstractHandlerMethodMapping.java:543) INFO  --> Mapped "{[/hello]}" onto public java.lang.String com.controller.HelloController.index()
2019-05-22 11:30:01,918 org.springframework.web.servlet.mvc.method.annotation.RequestMappingHandlerMapping [main] (AbstractHandlerMethodMapping.java:543) INFO  --> Mapped "{[/bill/getSpecies],methods=[GET]}" onto public com.util.RestResponse<java.util.List<com.model.auto.Species>> com.controller.bill.BillController.getSpecies(long,int)
2019-05-22 11:30:01,918 org.springframework.web.servlet.mvc.method.annotation.RequestMappingHandlerMapping [main] (AbstractHandlerMethodMapping.java:543) INFO  --> Mapped "{[/bill/getDelSystemSpecies],methods=[GET]}" onto public com.util.RestResponse<java.util.List<com.model.auto.Species>> com.controller.bill.BillController.getDelSystemSpecies(long,int)
2019-05-22 11:30:01,919 org.springframework.web.servlet.mvc.method.annotation.RequestMappingHandlerMapping [main] (AbstractHandlerMethodMapping.java:543) INFO  --> Mapped "{[/bill/addSpecies],methods=[POST]}" onto public com.util.RestResponse<java.lang.Integer> com.controller.bill.BillController.addSpecies(com.dto.request.AddSpeciesRequestDto)
2019-05-22 11:30:01,920 org.springframework.web.servlet.mvc.method.annotation.RequestMappingHandlerMapping [main] (AbstractHandlerMethodMapping.java:543) INFO  --> Mapped "{[/bill/deleteSpecies],methods=[GET]}" onto public com.util.RestResponse<java.lang.Boolean> com.controller.bill.BillController.deleteSpecies(java.lang.Long)
2019-05-22 11:30:01,920 org.springframework.web.servlet.mvc.method.annotation.RequestMappingHandlerMapping [main] (AbstractHandlerMethodMapping.java:543) INFO  --> Mapped "{[/bill/addSystemSpecies],methods=[GET]}" onto public com.util.RestResponse<java.lang.Boolean> com.controller.bill.BillController.addSystemSpecies(java.lang.Long)
2019-05-22 11:30:01,921 org.springframework.web.servlet.mvc.method.annotation.RequestMappingHandlerMapping [main] (AbstractHandlerMethodMapping.java:543) INFO  --> Mapped "{[/bill/addAmount],methods=[POST]}" onto public com.util.RestResponse<java.lang.Integer> com.controller.bill.BillController.addAmount(com.dto.request.AddAmountRequestDto)
2019-05-22 11:30:01,921 org.springframework.web.servlet.mvc.method.annotation.RequestMappingHandlerMapping [main] (AbstractHandlerMethodMapping.java:543) INFO  --> Mapped "{[/bill/getAmount],methods=[GET]}" onto public com.util.RestResponse<java.util.List<com.dto.response.AmountResponseDto>> com.controller.bill.BillController.getAmount(long,java.lang.Integer)
2019-05-22 11:30:01,922 org.springframework.web.servlet.mvc.method.annotation.RequestMappingHandlerMapping [main] (AbstractHandlerMethodMapping.java:543) INFO  --> Mapped "{[/bill/createAccount],methods=[POST]}" onto public com.util.RestResponse<java.lang.Boolean> com.controller.bill.BillController.createAccount(com.dto.common.CreateAccountDto)
2019-05-22 11:30:01,922 org.springframework.web.servlet.mvc.method.annotation.RequestMappingHandlerMapping [main] (AbstractHandlerMethodMapping.java:543) INFO  --> Mapped "{[/bill/getAccount],methods=[GET]}" onto public com.util.RestResponse<java.util.List<com.dto.response.AccountResponseDto>> com.controller.bill.BillController.getAccount(long)
2019-05-22 11:30:01,923 org.springframework.web.servlet.mvc.method.annotation.RequestMappingHandlerMapping [main] (AbstractHandlerMethodMapping.java:543) INFO  --> Mapped "{[/bill/deleteAccount],methods=[GET]}" onto public com.util.RestResponse<java.lang.Boolean> com.controller.bill.BillController.deleteAccount(long)
2019-05-22 11:30:01,923 org.springframework.web.servlet.mvc.method.annotation.RequestMappingHandlerMapping [main] (AbstractHandlerMethodMapping.java:543) INFO  --> Mapped "{[/statistics/export],methods=[POST]}" onto public com.util.RestResponse<java.util.List<com.dto.response.StatisticsPercentageResponseDto>> com.controller.statistice.StatisticsController.getExportStatisticsInfo(com.dto.request.StatisticsPercentageRequestDto)
2019-05-22 11:30:01,925 org.springframework.web.servlet.mvc.method.annotation.RequestMappingHandlerMapping [main] (AbstractHandlerMethodMapping.java:543) INFO  --> Mapped "{[/user/login],methods=[POST]}" onto public boolean com.controller.user.UserController.login(com.dto.LoginDto)
2019-05-22 11:30:01,925 org.springframework.web.servlet.mvc.method.annotation.RequestMappingHandlerMapping [main] (AbstractHandlerMethodMapping.java:543) INFO  --> Mapped "{[/user/isHadUserNumber],methods=[GET]}" onto public boolean com.controller.user.UserController.isHadUserNumber(long)
2019-05-22 11:30:01,926 org.springframework.web.servlet.mvc.method.annotation.RequestMappingHandlerMapping [main] (AbstractHandlerMethodMapping.java:543) INFO  --> Mapped "{[/user/verifyPassword],methods=[POST]}" onto public boolean com.controller.user.UserController.verifyPassword(com.dto.LoginDto)
2019-05-22 11:30:01,926 org.springframework.web.servlet.mvc.method.annotation.RequestMappingHandlerMapping [main] (AbstractHandlerMethodMapping.java:543) INFO  --> Mapped "{[/user/createUser],methods=[POST]}" onto public boolean com.controller.user.UserController.createUser(com.dto.CreateUserDto)
2019-05-22 11:30:01,926 org.springframework.web.servlet.mvc.method.annotation.RequestMappingHandlerMapping [main] (AbstractHandlerMethodMapping.java:543) INFO  --> Mapped "{[/user/addMember],methods=[POST]}" onto public com.util.RestResponse<java.lang.Integer> com.controller.user.UserController.addMember(com.dto.request.AddMemberRequest)
2019-05-22 11:30:01,928 org.springframework.web.servlet.mvc.method.annotation.RequestMappingHandlerMapping [main] (AbstractHandlerMethodMapping.java:543) INFO  --> Mapped "{[/error]}" onto public org.springframework.http.ResponseEntity<java.util.Map<java.lang.String, java.lang.Object>> org.springframework.boot.autoconfigure.web.BasicErrorController.error(javax.servlet.http.HttpServletRequest)
2019-05-22 11:30:01,928 org.springframework.web.servlet.mvc.method.annotation.RequestMappingHandlerMapping [main] (AbstractHandlerMethodMapping.java:543) INFO  --> Mapped "{[/error],produces=[text/html]}" onto public org.springframework.web.servlet.ModelAndView org.springframework.boot.autoconfigure.web.BasicErrorController.errorHtml(javax.servlet.http.HttpServletRequest,javax.servlet.http.HttpServletResponse)
2019-05-22 11:30:01,956 org.springframework.web.servlet.handler.SimpleUrlHandlerMapping [main] (AbstractUrlHandlerMapping.java:362) INFO  --> Mapped URL path [/webjars/**] onto handler of type [class org.springframework.web.servlet.resource.ResourceHttpRequestHandler]
2019-05-22 11:30:01,957 org.springframework.web.servlet.handler.SimpleUrlHandlerMapping [main] (AbstractUrlHandlerMapping.java:362) INFO  --> Mapped URL path [/**] onto handler of type [class org.springframework.web.servlet.resource.ResourceHttpRequestHandler]
2019-05-22 11:30:01,994 org.springframework.web.servlet.handler.SimpleUrlHandlerMapping [main] (AbstractUrlHandlerMapping.java:362) INFO  --> Mapped URL path [/**/favicon.ico] onto handler of type [class org.springframework.web.servlet.resource.ResourceHttpRequestHandler]
2019-05-22 11:30:02,272 org.springframework.jmx.export.annotation.AnnotationMBeanExporter [main] (MBeanExporter.java:431) INFO  --> Registering beans for JMX exposure on startup
2019-05-22 11:30:02,329 org.springframework.boot.context.embedded.tomcat.TomcatEmbeddedServletContainer [main] (TomcatEmbeddedServletContainer.java:201) INFO  --> Tomcat started on port(s): 8082 (http)
2019-05-22 11:30:02,334 com.Application [main] (StartupInfoLogger.java:57) INFO  --> Started Application in 5.749 seconds (JVM running for 6.893)
2019-05-22 11:30:13,767 org.springframework.web.servlet.DispatcherServlet [http-nio-8082-exec-1] (FrameworkServlet.java:489) INFO  --> FrameworkServlet 'dispatcherServlet': initialization started
2019-05-22 11:30:13,783 org.springframework.web.servlet.DispatcherServlet [http-nio-8082-exec-1] (FrameworkServlet.java:508) INFO  --> FrameworkServlet 'dispatcherServlet': initialization completed in 15 ms
2019-05-22 11:31:13,309 org.springframework.boot.context.embedded.AnnotationConfigEmbeddedWebApplicationContext [Thread-15] (AbstractApplicationContext.java:984) INFO  --> Closing org.springframework.boot.context.embedded.AnnotationConfigEmbeddedWebApplicationContext@130f889: startup date [Wed May 22 11:29:57 CST 2019]; root of context hierarchy
2019-05-22 11:31:13,313 org.springframework.jmx.export.annotation.AnnotationMBeanExporter [Thread-15] (MBeanExporter.java:449) INFO  --> Unregistering JMX-exposed beans on shutdown
2019-05-22 11:31:17,513 com.Application [main] (StartupInfoLogger.java:48) INFO  --> Starting Application on bjhldeMacBook-Pro-112.local with PID 15857 (/Users/bjhl/IdeaProjects/mybill/app/target/classes started by bjhl in /Users/bjhl/IdeaProjects/mybill)
2019-05-22 11:31:17,514 com.Application [main] (SpringApplication.java:593) INFO  --> No active profile set, falling back to default profiles: default
2019-05-22 11:31:17,567 org.springframework.boot.context.embedded.AnnotationConfigEmbeddedWebApplicationContext [main] (AbstractApplicationContext.java:583) INFO  --> Refreshing org.springframework.boot.context.embedded.AnnotationConfigEmbeddedWebApplicationContext@130f889: startup date [Wed May 22 11:31:17 CST 2019]; root of context hierarchy
2019-05-22 11:31:17,711 org.hibernate.validator.internal.util.Version [background-preinit] (Version.java:30) INFO  --> HV000001: Hibernate Validator 5.3.6.Final
2019-05-22 11:31:21,064 org.springframework.boot.context.embedded.tomcat.TomcatEmbeddedServletContainer [main] (TomcatEmbeddedServletContainer.java:89) INFO  --> Tomcat initialized with port(s): 8082 (http)
2019-05-22 11:31:21,139 org.springframework.web.context.ContextLoader [localhost-startStop-1] (EmbeddedWebApplicationContext.java:276) INFO  --> Root WebApplicationContext: initialization completed in 3575 ms
2019-05-22 11:31:21,224 org.springframework.boot.web.servlet.ServletRegistrationBean [localhost-startStop-1] (ServletRegistrationBean.java:190) INFO  --> Mapping servlet: 'dispatcherServlet' to [/]
2019-05-22 11:31:21,227 org.springframework.boot.web.servlet.FilterRegistrationBean [localhost-startStop-1] (AbstractFilterRegistrationBean.java:258) INFO  --> Mapping filter: 'characterEncodingFilter' to: [/*]
2019-05-22 11:31:21,228 org.springframework.boot.web.servlet.FilterRegistrationBean [localhost-startStop-1] (AbstractFilterRegistrationBean.java:258) INFO  --> Mapping filter: 'hiddenHttpMethodFilter' to: [/*]
2019-05-22 11:31:21,228 org.springframework.boot.web.servlet.FilterRegistrationBean [localhost-startStop-1] (AbstractFilterRegistrationBean.java:258) INFO  --> Mapping filter: 'httpPutFormContentFilter' to: [/*]
2019-05-22 11:31:21,228 org.springframework.boot.web.servlet.FilterRegistrationBean [localhost-startStop-1] (AbstractFilterRegistrationBean.java:258) INFO  --> Mapping filter: 'requestContextFilter' to: [/*]
2019-05-22 11:31:21,229 org.springframework.boot.web.servlet.FilterRegistrationBean [localhost-startStop-1] (AbstractFilterRegistrationBean.java:258) INFO  --> Mapping filter: 'crossFilter' to: [/*]
2019-05-22 11:31:21,897 org.springframework.web.servlet.mvc.method.annotation.RequestMappingHandlerAdapter [main] (RequestMappingHandlerAdapter.java:556) INFO  --> Looking for @ControllerAdvice: org.springframework.boot.context.embedded.AnnotationConfigEmbeddedWebApplicationContext@130f889: startup date [Wed May 22 11:31:17 CST 2019]; root of context hierarchy
2019-05-22 11:31:21,940 org.springframework.web.servlet.mvc.method.annotation.RequestMappingHandlerMapping [main] (AbstractHandlerMethodMapping.java:543) INFO  --> Mapped "{[/hello]}" onto public java.lang.String com.controller.HelloController.index()
2019-05-22 11:31:21,947 org.springframework.web.servlet.mvc.method.annotation.RequestMappingHandlerMapping [main] (AbstractHandlerMethodMapping.java:543) INFO  --> Mapped "{[/bill/getSpecies],methods=[GET]}" onto public com.util.RestResponse<java.util.List<com.model.auto.Species>> com.controller.bill.BillController.getSpecies(long,int)
2019-05-22 11:31:21,948 org.springframework.web.servlet.mvc.method.annotation.RequestMappingHandlerMapping [main] (AbstractHandlerMethodMapping.java:543) INFO  --> Mapped "{[/bill/getDelSystemSpecies],methods=[GET]}" onto public com.util.RestResponse<java.util.List<com.model.auto.Species>> com.controller.bill.BillController.getDelSystemSpecies(long,int)
2019-05-22 11:31:21,949 org.springframework.web.servlet.mvc.method.annotation.RequestMappingHandlerMapping [main] (AbstractHandlerMethodMapping.java:543) INFO  --> Mapped "{[/bill/addSpecies],methods=[POST]}" onto public com.util.RestResponse<java.lang.Integer> com.controller.bill.BillController.addSpecies(com.dto.request.AddSpeciesRequestDto)
2019-05-22 11:31:21,949 org.springframework.web.servlet.mvc.method.annotation.RequestMappingHandlerMapping [main] (AbstractHandlerMethodMapping.java:543) INFO  --> Mapped "{[/bill/deleteSpecies],methods=[GET]}" onto public com.util.RestResponse<java.lang.Boolean> com.controller.bill.BillController.deleteSpecies(java.lang.Long)
2019-05-22 11:31:21,950 org.springframework.web.servlet.mvc.method.annotation.RequestMappingHandlerMapping [main] (AbstractHandlerMethodMapping.java:543) INFO  --> Mapped "{[/bill/addSystemSpecies],methods=[GET]}" onto public com.util.RestResponse<java.lang.Boolean> com.controller.bill.BillController.addSystemSpecies(java.lang.Long)
2019-05-22 11:31:21,950 org.springframework.web.servlet.mvc.method.annotation.RequestMappingHandlerMapping [main] (AbstractHandlerMethodMapping.java:543) INFO  --> Mapped "{[/bill/addAmount],methods=[POST]}" onto public com.util.RestResponse<java.lang.Integer> com.controller.bill.BillController.addAmount(com.dto.request.AddAmountRequestDto)
2019-05-22 11:31:21,951 org.springframework.web.servlet.mvc.method.annotation.RequestMappingHandlerMapping [main] (AbstractHandlerMethodMapping.java:543) INFO  --> Mapped "{[/bill/getAmount],methods=[GET]}" onto public com.util.RestResponse<java.util.List<com.dto.response.AmountResponseDto>> com.controller.bill.BillController.getAmount(long,java.lang.Integer)
2019-05-22 11:31:21,951 org.springframework.web.servlet.mvc.method.annotation.RequestMappingHandlerMapping [main] (AbstractHandlerMethodMapping.java:543) INFO  --> Mapped "{[/bill/createAccount],methods=[POST]}" onto public com.util.RestResponse<java.lang.Boolean> com.controller.bill.BillController.createAccount(com.dto.common.CreateAccountDto)
2019-05-22 11:31:21,952 org.springframework.web.servlet.mvc.method.annotation.RequestMappingHandlerMapping [main] (AbstractHandlerMethodMapping.java:543) INFO  --> Mapped "{[/bill/getAccount],methods=[GET]}" onto public com.util.RestResponse<java.util.List<com.dto.response.AccountResponseDto>> com.controller.bill.BillController.getAccount(long)
2019-05-22 11:31:21,952 org.springframework.web.servlet.mvc.method.annotation.RequestMappingHandlerMapping [main] (AbstractHandlerMethodMapping.java:543) INFO  --> Mapped "{[/bill/deleteAccount],methods=[GET]}" onto public com.util.RestResponse<java.lang.Boolean> com.controller.bill.BillController.deleteAccount(long)
2019-05-22 11:31:21,953 org.springframework.web.servlet.mvc.method.annotation.RequestMappingHandlerMapping [main] (AbstractHandlerMethodMapping.java:543) INFO  --> Mapped "{[/statistics/export],methods=[POST]}" onto public com.util.RestResponse<java.util.List<com.dto.response.StatisticsPercentageResponseDto>> com.controller.statistice.StatisticsController.getExportStatisticsInfo(com.dto.request.StatisticsPercentageRequestDto)
2019-05-22 11:31:21,954 org.springframework.web.servlet.mvc.method.annotation.RequestMappingHandlerMapping [main] (AbstractHandlerMethodMapping.java:543) INFO  --> Mapped "{[/user/login],methods=[POST]}" onto public boolean com.controller.user.UserController.login(com.dto.LoginDto)
2019-05-22 11:31:21,954 org.springframework.web.servlet.mvc.method.annotation.RequestMappingHandlerMapping [main] (AbstractHandlerMethodMapping.java:543) INFO  --> Mapped "{[/user/isHadUserNumber],methods=[GET]}" onto public boolean com.controller.user.UserController.isHadUserNumber(long)
2019-05-22 11:31:21,955 org.springframework.web.servlet.mvc.method.annotation.RequestMappingHandlerMapping [main] (AbstractHandlerMethodMapping.java:543) INFO  --> Mapped "{[/user/verifyPassword],methods=[POST]}" onto public boolean com.controller.user.UserController.verifyPassword(com.dto.LoginDto)
2019-05-22 11:31:21,955 org.springframework.web.servlet.mvc.method.annotation.RequestMappingHandlerMapping [main] (AbstractHandlerMethodMapping.java:543) INFO  --> Mapped "{[/user/createUser],methods=[POST]}" onto public boolean com.controller.user.UserController.createUser(com.dto.CreateUserDto)
2019-05-22 11:31:21,956 org.springframework.web.servlet.mvc.method.annotation.RequestMappingHandlerMapping [main] (AbstractHandlerMethodMapping.java:543) INFO  --> Mapped "{[/user/addMember],methods=[POST]}" onto public com.util.RestResponse<java.lang.Integer> com.controller.user.UserController.addMember(com.dto.request.AddMemberRequest)
2019-05-22 11:31:21,958 org.springframework.web.servlet.mvc.method.annotation.RequestMappingHandlerMapping [main] (AbstractHandlerMethodMapping.java:543) INFO  --> Mapped "{[/error]}" onto public org.springframework.http.ResponseEntity<java.util.Map<java.lang.String, java.lang.Object>> org.springframework.boot.autoconfigure.web.BasicErrorController.error(javax.servlet.http.HttpServletRequest)
2019-05-22 11:31:21,958 org.springframework.web.servlet.mvc.method.annotation.RequestMappingHandlerMapping [main] (AbstractHandlerMethodMapping.java:543) INFO  --> Mapped "{[/error],produces=[text/html]}" onto public org.springframework.web.servlet.ModelAndView org.springframework.boot.autoconfigure.web.BasicErrorController.errorHtml(javax.servlet.http.HttpServletRequest,javax.servlet.http.HttpServletResponse)
2019-05-22 11:31:21,983 org.springframework.web.servlet.handler.SimpleUrlHandlerMapping [main] (AbstractUrlHandlerMapping.java:362) INFO  --> Mapped URL path [/webjars/**] onto handler of type [class org.springframework.web.servlet.resource.ResourceHttpRequestHandler]
2019-05-22 11:31:21,983 org.springframework.web.servlet.handler.SimpleUrlHandlerMapping [main] (AbstractUrlHandlerMapping.java:362) INFO  --> Mapped URL path [/**] onto handler of type [class org.springframework.web.servlet.resource.ResourceHttpRequestHandler]
2019-05-22 11:31:22,012 org.springframework.web.servlet.handler.SimpleUrlHandlerMapping [main] (AbstractUrlHandlerMapping.java:362) INFO  --> Mapped URL path [/**/favicon.ico] onto handler of type [class org.springframework.web.servlet.resource.ResourceHttpRequestHandler]
2019-05-22 11:31:22,294 org.springframework.jmx.export.annotation.AnnotationMBeanExporter [main] (MBeanExporter.java:431) INFO  --> Registering beans for JMX exposure on startup
2019-05-22 11:31:22,336 org.springframework.boot.context.embedded.tomcat.TomcatEmbeddedServletContainer [main] (TomcatEmbeddedServletContainer.java:201) INFO  --> Tomcat started on port(s): 8082 (http)
2019-05-22 11:31:22,340 com.Application [main] (StartupInfoLogger.java:57) INFO  --> Started Application in 4.998 seconds (JVM running for 5.621)
2019-05-22 11:31:30,042 org.springframework.web.servlet.DispatcherServlet [http-nio-8082-exec-1] (FrameworkServlet.java:489) INFO  --> FrameworkServlet 'dispatcherServlet': initialization started
2019-05-22 11:31:30,055 org.springframework.web.servlet.DispatcherServlet [http-nio-8082-exec-1] (FrameworkServlet.java:508) INFO  --> FrameworkServlet 'dispatcherServlet': initialization completed in 12 ms
2019-05-22 11:32:35,463 org.springframework.boot.context.embedded.AnnotationConfigEmbeddedWebApplicationContext [Thread-13] (AbstractApplicationContext.java:984) INFO  --> Closing org.springframework.boot.context.embedded.AnnotationConfigEmbeddedWebApplicationContext@130f889: startup date [Wed May 22 11:31:17 CST 2019]; root of context hierarchy
2019-05-22 11:32:35,465 org.springframework.jmx.export.annotation.AnnotationMBeanExporter [Thread-13] (MBeanExporter.java:449) INFO  --> Unregistering JMX-exposed beans on shutdown
2019-05-22 11:32:39,822 com.Application [main] (StartupInfoLogger.java:48) INFO  --> Starting Application on bjhldeMacBook-Pro-112.local with PID 15875 (/Users/bjhl/IdeaProjects/mybill/app/target/classes started by bjhl in /Users/bjhl/IdeaProjects/mybill)
2019-05-22 11:32:39,824 com.Application [main] (SpringApplication.java:593) INFO  --> No active profile set, falling back to default profiles: default
2019-05-22 11:32:39,905 org.springframework.boot.context.embedded.AnnotationConfigEmbeddedWebApplicationContext [main] (AbstractApplicationContext.java:583) INFO  --> Refreshing org.springframework.boot.context.embedded.AnnotationConfigEmbeddedWebApplicationContext@130f889: startup date [Wed May 22 11:32:39 CST 2019]; root of context hierarchy
2019-05-22 11:32:39,937 org.hibernate.validator.internal.util.Version [background-preinit] (Version.java:30) INFO  --> HV000001: Hibernate Validator 5.3.6.Final
2019-05-22 11:32:41,855 org.springframework.boot.context.embedded.tomcat.TomcatEmbeddedServletContainer [main] (TomcatEmbeddedServletContainer.java:89) INFO  --> Tomcat initialized with port(s): 8082 (http)
2019-05-22 11:32:41,914 org.springframework.web.context.ContextLoader [localhost-startStop-1] (EmbeddedWebApplicationContext.java:276) INFO  --> Root WebApplicationContext: initialization completed in 2012 ms
2019-05-22 11:32:41,993 org.springframework.boot.web.servlet.ServletRegistrationBean [localhost-startStop-1] (ServletRegistrationBean.java:190) INFO  --> Mapping servlet: 'dispatcherServlet' to [/]
2019-05-22 11:32:41,995 org.springframework.boot.web.servlet.FilterRegistrationBean [localhost-startStop-1] (AbstractFilterRegistrationBean.java:258) INFO  --> Mapping filter: 'characterEncodingFilter' to: [/*]
2019-05-22 11:32:41,996 org.springframework.boot.web.servlet.FilterRegistrationBean [localhost-startStop-1] (AbstractFilterRegistrationBean.java:258) INFO  --> Mapping filter: 'hiddenHttpMethodFilter' to: [/*]
2019-05-22 11:32:41,996 org.springframework.boot.web.servlet.FilterRegistrationBean [localhost-startStop-1] (AbstractFilterRegistrationBean.java:258) INFO  --> Mapping filter: 'httpPutFormContentFilter' to: [/*]
2019-05-22 11:32:41,996 org.springframework.boot.web.servlet.FilterRegistrationBean [localhost-startStop-1] (AbstractFilterRegistrationBean.java:258) INFO  --> Mapping filter: 'requestContextFilter' to: [/*]
2019-05-22 11:32:41,996 org.springframework.boot.web.servlet.FilterRegistrationBean [localhost-startStop-1] (AbstractFilterRegistrationBean.java:258) INFO  --> Mapping filter: 'crossFilter' to: [/*]
2019-05-22 11:32:42,627 org.springframework.web.servlet.mvc.method.annotation.RequestMappingHandlerAdapter [main] (RequestMappingHandlerAdapter.java:556) INFO  --> Looking for @ControllerAdvice: org.springframework.boot.context.embedded.AnnotationConfigEmbeddedWebApplicationContext@130f889: startup date [Wed May 22 11:32:39 CST 2019]; root of context hierarchy
2019-05-22 11:32:42,671 org.springframework.web.servlet.mvc.method.annotation.RequestMappingHandlerMapping [main] (AbstractHandlerMethodMapping.java:543) INFO  --> Mapped "{[/hello]}" onto public java.lang.String com.controller.HelloController.index()
2019-05-22 11:32:42,678 org.springframework.web.servlet.mvc.method.annotation.RequestMappingHandlerMapping [main] (AbstractHandlerMethodMapping.java:543) INFO  --> Mapped "{[/bill/getSpecies],methods=[GET]}" onto public com.util.RestResponse<java.util.List<com.model.auto.Species>> com.controller.bill.BillController.getSpecies(long,int)
2019-05-22 11:32:42,678 org.springframework.web.servlet.mvc.method.annotation.RequestMappingHandlerMapping [main] (AbstractHandlerMethodMapping.java:543) INFO  --> Mapped "{[/bill/getDelSystemSpecies],methods=[GET]}" onto public com.util.RestResponse<java.util.List<com.model.auto.Species>> com.controller.bill.BillController.getDelSystemSpecies(long,int)
2019-05-22 11:32:42,681 org.springframework.web.servlet.mvc.method.annotation.RequestMappingHandlerMapping [main] (AbstractHandlerMethodMapping.java:543) INFO  --> Mapped "{[/bill/addSpecies],methods=[POST]}" onto public com.util.RestResponse<java.lang.Integer> com.controller.bill.BillController.addSpecies(com.dto.request.AddSpeciesRequestDto)
2019-05-22 11:32:42,682 org.springframework.web.servlet.mvc.method.annotation.RequestMappingHandlerMapping [main] (AbstractHandlerMethodMapping.java:543) INFO  --> Mapped "{[/bill/deleteSpecies],methods=[GET]}" onto public com.util.RestResponse<java.lang.Boolean> com.controller.bill.BillController.deleteSpecies(java.lang.Long)
2019-05-22 11:32:42,682 org.springframework.web.servlet.mvc.method.annotation.RequestMappingHandlerMapping [main] (AbstractHandlerMethodMapping.java:543) INFO  --> Mapped "{[/bill/addSystemSpecies],methods=[GET]}" onto public com.util.RestResponse<java.lang.Boolean> com.controller.bill.BillController.addSystemSpecies(java.lang.Long)
2019-05-22 11:32:42,683 org.springframework.web.servlet.mvc.method.annotation.RequestMappingHandlerMapping [main] (AbstractHandlerMethodMapping.java:543) INFO  --> Mapped "{[/bill/addAmount],methods=[POST]}" onto public com.util.RestResponse<java.lang.Integer> com.controller.bill.BillController.addAmount(com.dto.request.AddAmountRequestDto)
2019-05-22 11:32:42,683 org.springframework.web.servlet.mvc.method.annotation.RequestMappingHandlerMapping [main] (AbstractHandlerMethodMapping.java:543) INFO  --> Mapped "{[/bill/getAmount],methods=[GET]}" onto public com.util.RestResponse<java.util.List<com.dto.response.AmountResponseDto>> com.controller.bill.BillController.getAmount(long,java.lang.Integer)
2019-05-22 11:32:42,684 org.springframework.web.servlet.mvc.method.annotation.RequestMappingHandlerMapping [main] (AbstractHandlerMethodMapping.java:543) INFO  --> Mapped "{[/bill/createAccount],methods=[POST]}" onto public com.util.RestResponse<java.lang.Boolean> com.controller.bill.BillController.createAccount(com.dto.common.CreateAccountDto)
2019-05-22 11:32:42,684 org.springframework.web.servlet.mvc.method.annotation.RequestMappingHandlerMapping [main] (AbstractHandlerMethodMapping.java:543) INFO  --> Mapped "{[/bill/getAccount],methods=[GET]}" onto public com.util.RestResponse<java.util.List<com.dto.response.AccountResponseDto>> com.controller.bill.BillController.getAccount(long)
2019-05-22 11:32:42,684 org.springframework.web.servlet.mvc.method.annotation.RequestMappingHandlerMapping [main] (AbstractHandlerMethodMapping.java:543) INFO  --> Mapped "{[/bill/deleteAccount],methods=[GET]}" onto public com.util.RestResponse<java.lang.Boolean> com.controller.bill.BillController.deleteAccount(long)
2019-05-22 11:32:42,685 org.springframework.web.servlet.mvc.method.annotation.RequestMappingHandlerMapping [main] (AbstractHandlerMethodMapping.java:543) INFO  --> Mapped "{[/statistics/export],methods=[POST]}" onto public com.util.RestResponse<java.util.List<com.dto.response.StatisticsPercentageResponseDto>> com.controller.statistice.StatisticsController.getExportStatisticsInfo(com.dto.request.StatisticsPercentageRequestDto)
2019-05-22 11:32:42,687 org.springframework.web.servlet.mvc.method.annotation.RequestMappingHandlerMapping [main] (AbstractHandlerMethodMapping.java:543) INFO  --> Mapped "{[/user/login],methods=[POST]}" onto public boolean com.controller.user.UserController.login(com.dto.LoginDto)
2019-05-22 11:32:42,687 org.springframework.web.servlet.mvc.method.annotation.RequestMappingHandlerMapping [main] (AbstractHandlerMethodMapping.java:543) INFO  --> Mapped "{[/user/isHadUserNumber],methods=[GET]}" onto public boolean com.controller.user.UserController.isHadUserNumber(long)
2019-05-22 11:32:42,687 org.springframework.web.servlet.mvc.method.annotation.RequestMappingHandlerMapping [main] (AbstractHandlerMethodMapping.java:543) INFO  --> Mapped "{[/user/verifyPassword],methods=[POST]}" onto public boolean com.controller.user.UserController.verifyPassword(com.dto.LoginDto)
2019-05-22 11:32:42,688 org.springframework.web.servlet.mvc.method.annotation.RequestMappingHandlerMapping [main] (AbstractHandlerMethodMapping.java:543) INFO  --> Mapped "{[/user/createUser],methods=[POST]}" onto public boolean com.controller.user.UserController.createUser(com.dto.CreateUserDto)
2019-05-22 11:32:42,688 org.springframework.web.servlet.mvc.method.annotation.RequestMappingHandlerMapping [main] (AbstractHandlerMethodMapping.java:543) INFO  --> Mapped "{[/user/addMember],methods=[POST]}" onto public com.util.RestResponse<java.lang.Integer> com.controller.user.UserController.addMember(com.dto.request.AddMemberRequest)
2019-05-22 11:32:42,690 org.springframework.web.servlet.mvc.method.annotation.RequestMappingHandlerMapping [main] (AbstractHandlerMethodMapping.java:543) INFO  --> Mapped "{[/error]}" onto public org.springframework.http.ResponseEntity<java.util.Map<java.lang.String, java.lang.Object>> org.springframework.boot.autoconfigure.web.BasicErrorController.error(javax.servlet.http.HttpServletRequest)
2019-05-22 11:32:42,690 org.springframework.web.servlet.mvc.method.annotation.RequestMappingHandlerMapping [main] (AbstractHandlerMethodMapping.java:543) INFO  --> Mapped "{[/error],produces=[text/html]}" onto public org.springframework.web.servlet.ModelAndView org.springframework.boot.autoconfigure.web.BasicErrorController.errorHtml(javax.servlet.http.HttpServletRequest,javax.servlet.http.HttpServletResponse)
2019-05-22 11:32:42,724 org.springframework.web.servlet.handler.SimpleUrlHandlerMapping [main] (AbstractUrlHandlerMapping.java:362) INFO  --> Mapped URL path [/webjars/**] onto handler of type [class org.springframework.web.servlet.resource.ResourceHttpRequestHandler]
2019-05-22 11:32:42,724 org.springframework.web.servlet.handler.SimpleUrlHandlerMapping [main] (AbstractUrlHandlerMapping.java:362) INFO  --> Mapped URL path [/**] onto handler of type [class org.springframework.web.servlet.resource.ResourceHttpRequestHandler]
2019-05-22 11:32:42,759 org.springframework.web.servlet.handler.SimpleUrlHandlerMapping [main] (AbstractUrlHandlerMapping.java:362) INFO  --> Mapped URL path [/**/favicon.ico] onto handler of type [class org.springframework.web.servlet.resource.ResourceHttpRequestHandler]
2019-05-22 11:32:42,989 org.springframework.jmx.export.annotation.AnnotationMBeanExporter [main] (MBeanExporter.java:431) INFO  --> Registering beans for JMX exposure on startup
2019-05-22 11:32:43,039 org.springframework.boot.context.embedded.tomcat.TomcatEmbeddedServletContainer [main] (TomcatEmbeddedServletContainer.java:201) INFO  --> Tomcat started on port(s): 8082 (http)
2019-05-22 11:32:43,042 com.Application [main] (StartupInfoLogger.java:57) INFO  --> Started Application in 3.525 seconds (JVM running for 4.323)
2019-05-22 11:33:18,369 org.springframework.web.servlet.DispatcherServlet [http-nio-8082-exec-1] (FrameworkServlet.java:489) INFO  --> FrameworkServlet 'dispatcherServlet': initialization started
2019-05-22 11:33:18,391 org.springframework.web.servlet.DispatcherServlet [http-nio-8082-exec-1] (FrameworkServlet.java:508) INFO  --> FrameworkServlet 'dispatcherServlet': initialization completed in 21 ms
2019-05-22 11:39:00,942 org.springframework.boot.context.embedded.AnnotationConfigEmbeddedWebApplicationContext [Thread-10] (AbstractApplicationContext.java:984) INFO  --> Closing org.springframework.boot.context.embedded.AnnotationConfigEmbeddedWebApplicationContext@130f889: startup date [Wed May 22 11:32:39 CST 2019]; root of context hierarchy
2019-05-22 11:39:00,944 org.springframework.jmx.export.annotation.AnnotationMBeanExporter [Thread-10] (MBeanExporter.java:449) INFO  --> Unregistering JMX-exposed beans on shutdown
