2019-05-06 09:52:31,928 org.springframework.boot.context.embedded.AnnotationConfigEmbeddedWebApplicationContext [Thread-11] (AbstractApplicationContext.java:984) INFO  --> Closing org.springframework.boot.context.embedded.AnnotationConfigEmbeddedWebApplicationContext@130f889: startup date [Sun May 05 19:44:09 CST 2019]; root of context hierarchy
2019-05-06 09:52:32,114 org.springframework.jmx.export.annotation.AnnotationMBeanExporter [Thread-11] (MBeanExporter.java:449) INFO  --> Unregistering JMX-exposed beans on shutdown
2019-05-06 10:03:24,581 com.Application [main] (StartupInfoLogger.java:48) INFO  --> Starting Application on bjhldeMacBook-Pro-112.local with PID 45222 (/Users/bjhl/IdeaProjects/mybill/app/target/classes started by bjhl in /Users/bjhl/IdeaProjects/mybill)
2019-05-06 10:03:24,586 com.Application [main] (SpringApplication.java:593) INFO  --> No active profile set, falling back to default profiles: default
2019-05-06 10:03:24,659 org.springframework.boot.context.embedded.AnnotationConfigEmbeddedWebApplicationContext [main] (AbstractApplicationContext.java:583) INFO  --> Refreshing org.springframework.boot.context.embedded.AnnotationConfigEmbeddedWebApplicationContext@130f889: startup date [Mon May 06 10:03:24 CST 2019]; root of context hierarchy
2019-05-06 10:03:24,982 org.hibernate.validator.internal.util.Version [background-preinit] (Version.java:30) INFO  --> HV000001: Hibernate Validator 5.3.6.Final
2019-05-06 10:03:28,053 org.springframework.boot.context.embedded.tomcat.TomcatEmbeddedServletContainer [main] (TomcatEmbeddedServletContainer.java:89) INFO  --> Tomcat initialized with port(s): 8082 (http)
2019-05-06 10:03:28,172 org.springframework.web.context.ContextLoader [localhost-startStop-1] (EmbeddedWebApplicationContext.java:276) INFO  --> Root WebApplicationContext: initialization completed in 3518 ms
2019-05-06 10:03:28,258 org.springframework.boot.web.servlet.ServletRegistrationBean [localhost-startStop-1] (ServletRegistrationBean.java:190) INFO  --> Mapping servlet: 'dispatcherServlet' to [/]
2019-05-06 10:03:28,262 org.springframework.boot.web.servlet.FilterRegistrationBean [localhost-startStop-1] (AbstractFilterRegistrationBean.java:258) INFO  --> Mapping filter: 'characterEncodingFilter' to: [/*]
2019-05-06 10:03:28,263 org.springframework.boot.web.servlet.FilterRegistrationBean [localhost-startStop-1] (AbstractFilterRegistrationBean.java:258) INFO  --> Mapping filter: 'hiddenHttpMethodFilter' to: [/*]
2019-05-06 10:03:28,263 org.springframework.boot.web.servlet.FilterRegistrationBean [localhost-startStop-1] (AbstractFilterRegistrationBean.java:258) INFO  --> Mapping filter: 'httpPutFormContentFilter' to: [/*]
2019-05-06 10:03:28,264 org.springframework.boot.web.servlet.FilterRegistrationBean [localhost-startStop-1] (AbstractFilterRegistrationBean.java:258) INFO  --> Mapping filter: 'requestContextFilter' to: [/*]
2019-05-06 10:03:28,265 org.springframework.boot.web.servlet.FilterRegistrationBean [localhost-startStop-1] (AbstractFilterRegistrationBean.java:258) INFO  --> Mapping filter: 'crossFilter' to: [/*]
2019-05-06 10:03:29,361 org.springframework.web.servlet.mvc.method.annotation.RequestMappingHandlerAdapter [main] (RequestMappingHandlerAdapter.java:556) INFO  --> Looking for @ControllerAdvice: org.springframework.boot.context.embedded.AnnotationConfigEmbeddedWebApplicationContext@130f889: startup date [Mon May 06 10:03:24 CST 2019]; root of context hierarchy
2019-05-06 10:03:29,426 org.springframework.web.servlet.mvc.method.annotation.RequestMappingHandlerMapping [main] (AbstractHandlerMethodMapping.java:543) INFO  --> Mapped "{[/hello]}" onto public java.lang.String com.controller.HelloController.index()
2019-05-06 10:03:29,432 org.springframework.web.servlet.mvc.method.annotation.RequestMappingHandlerMapping [main] (AbstractHandlerMethodMapping.java:543) INFO  --> Mapped "{[/bill/getSpecies],methods=[GET]}" onto public com.util.RestResponse<java.util.List<com.model.auto.Species>> com.controller.bill.BillController.getSpecies(long,int)
2019-05-06 10:03:29,433 org.springframework.web.servlet.mvc.method.annotation.RequestMappingHandlerMapping [main] (AbstractHandlerMethodMapping.java:543) INFO  --> Mapped "{[/bill/addSpecies],methods=[POST]}" onto public com.util.RestResponse<java.lang.Integer> com.controller.bill.BillController.addSpecies(com.dto.request.AddSpeciesRequestDto)
2019-05-06 10:03:29,434 org.springframework.web.servlet.mvc.method.annotation.RequestMappingHandlerMapping [main] (AbstractHandlerMethodMapping.java:543) INFO  --> Mapped "{[/bill/addAmount],methods=[POST]}" onto public com.util.RestResponse<java.lang.Integer> com.controller.bill.BillController.addAmount(com.dto.request.AddAmountRequestDto)
2019-05-06 10:03:29,434 org.springframework.web.servlet.mvc.method.annotation.RequestMappingHandlerMapping [main] (AbstractHandlerMethodMapping.java:543) INFO  --> Mapped "{[/bill/getAmount],methods=[GET]}" onto public com.util.RestResponse<java.util.List<com.dto.response.AmountResponseDto>> com.controller.bill.BillController.getAmount(long)
2019-05-06 10:03:29,435 org.springframework.web.servlet.mvc.method.annotation.RequestMappingHandlerMapping [main] (AbstractHandlerMethodMapping.java:543) INFO  --> Mapped "{[/bill/createAccount],methods=[POST]}" onto public com.util.RestResponse<java.lang.Boolean> com.controller.bill.BillController.createAccount(com.dto.common.CreateAccountDto)
2019-05-06 10:03:29,435 org.springframework.web.servlet.mvc.method.annotation.RequestMappingHandlerMapping [main] (AbstractHandlerMethodMapping.java:543) INFO  --> Mapped "{[/bill/getAccount],methods=[GET]}" onto public com.util.RestResponse<java.util.List<com.dto.response.AccountResponseDto>> com.controller.bill.BillController.getAccount(long)
2019-05-06 10:03:29,436 org.springframework.web.servlet.mvc.method.annotation.RequestMappingHandlerMapping [main] (AbstractHandlerMethodMapping.java:543) INFO  --> Mapped "{[/user/login],methods=[POST]}" onto public boolean com.controller.user.UserController.login(com.dto.LoginDto)
2019-05-06 10:03:29,437 org.springframework.web.servlet.mvc.method.annotation.RequestMappingHandlerMapping [main] (AbstractHandlerMethodMapping.java:543) INFO  --> Mapped "{[/user/isHadUserNumber],methods=[GET]}" onto public boolean com.controller.user.UserController.isHadUserNumber(long)
2019-05-06 10:03:29,437 org.springframework.web.servlet.mvc.method.annotation.RequestMappingHandlerMapping [main] (AbstractHandlerMethodMapping.java:543) INFO  --> Mapped "{[/user/verifyPassword],methods=[POST]}" onto public boolean com.controller.user.UserController.verifyPassword(com.dto.LoginDto)
2019-05-06 10:03:29,437 org.springframework.web.servlet.mvc.method.annotation.RequestMappingHandlerMapping [main] (AbstractHandlerMethodMapping.java:543) INFO  --> Mapped "{[/user/createUser],methods=[POST]}" onto public boolean com.controller.user.UserController.createUser(com.dto.CreateUserDto)
2019-05-06 10:03:29,439 org.springframework.web.servlet.mvc.method.annotation.RequestMappingHandlerMapping [main] (AbstractHandlerMethodMapping.java:543) INFO  --> Mapped "{[/error]}" onto public org.springframework.http.ResponseEntity<java.util.Map<java.lang.String, java.lang.Object>> org.springframework.boot.autoconfigure.web.BasicErrorController.error(javax.servlet.http.HttpServletRequest)
2019-05-06 10:03:29,440 org.springframework.web.servlet.mvc.method.annotation.RequestMappingHandlerMapping [main] (AbstractHandlerMethodMapping.java:543) INFO  --> Mapped "{[/error],produces=[text/html]}" onto public org.springframework.web.servlet.ModelAndView org.springframework.boot.autoconfigure.web.BasicErrorController.errorHtml(javax.servlet.http.HttpServletRequest,javax.servlet.http.HttpServletResponse)
2019-05-06 10:03:29,482 org.springframework.web.servlet.handler.SimpleUrlHandlerMapping [main] (AbstractUrlHandlerMapping.java:362) INFO  --> Mapped URL path [/webjars/**] onto handler of type [class org.springframework.web.servlet.resource.ResourceHttpRequestHandler]
2019-05-06 10:03:29,485 org.springframework.web.servlet.handler.SimpleUrlHandlerMapping [main] (AbstractUrlHandlerMapping.java:362) INFO  --> Mapped URL path [/**] onto handler of type [class org.springframework.web.servlet.resource.ResourceHttpRequestHandler]
2019-05-06 10:03:29,523 org.springframework.web.servlet.handler.SimpleUrlHandlerMapping [main] (AbstractUrlHandlerMapping.java:362) INFO  --> Mapped URL path [/**/favicon.ico] onto handler of type [class org.springframework.web.servlet.resource.ResourceHttpRequestHandler]
2019-05-06 10:03:29,834 org.springframework.jmx.export.annotation.AnnotationMBeanExporter [main] (MBeanExporter.java:431) INFO  --> Registering beans for JMX exposure on startup
2019-05-06 10:03:29,905 org.springframework.boot.context.embedded.tomcat.TomcatEmbeddedServletContainer [main] (TomcatEmbeddedServletContainer.java:201) INFO  --> Tomcat started on port(s): 8082 (http)
2019-05-06 10:03:29,909 com.Application [main] (StartupInfoLogger.java:57) INFO  --> Started Application in 5.587 seconds (JVM running for 6.834)
2019-05-06 10:03:35,305 org.springframework.web.servlet.DispatcherServlet [http-nio-8082-exec-1] (FrameworkServlet.java:489) INFO  --> FrameworkServlet 'dispatcherServlet': initialization started
2019-05-06 10:03:35,317 org.springframework.web.servlet.DispatcherServlet [http-nio-8082-exec-1] (FrameworkServlet.java:508) INFO  --> FrameworkServlet 'dispatcherServlet': initialization completed in 12 ms
2019-05-06 13:49:47,265 org.springframework.boot.context.embedded.AnnotationConfigEmbeddedWebApplicationContext [Thread-14] (AbstractApplicationContext.java:984) INFO  --> Closing org.springframework.boot.context.embedded.AnnotationConfigEmbeddedWebApplicationContext@130f889: startup date [Mon May 06 10:03:24 CST 2019]; root of context hierarchy
2019-05-06 13:49:47,499 org.springframework.jmx.export.annotation.AnnotationMBeanExporter [Thread-14] (MBeanExporter.java:449) INFO  --> Unregistering JMX-exposed beans on shutdown
2019-05-06 13:49:55,754 com.Application [main] (StartupInfoLogger.java:48) INFO  --> Starting Application on bjhldeMacBook-Pro-112.local with PID 46963 (/Users/bjhl/IdeaProjects/mybill/app/target/classes started by bjhl in /Users/bjhl/IdeaProjects/mybill)
2019-05-06 13:49:55,756 com.Application [main] (SpringApplication.java:593) INFO  --> No active profile set, falling back to default profiles: default
2019-05-06 13:49:55,839 org.springframework.boot.context.embedded.AnnotationConfigEmbeddedWebApplicationContext [main] (AbstractApplicationContext.java:583) INFO  --> Refreshing org.springframework.boot.context.embedded.AnnotationConfigEmbeddedWebApplicationContext@130f889: startup date [Mon May 06 13:49:55 CST 2019]; root of context hierarchy
2019-05-06 13:49:55,991 org.hibernate.validator.internal.util.Version [background-preinit] (Version.java:30) INFO  --> HV000001: Hibernate Validator 5.3.6.Final
2019-05-06 13:49:57,955 org.springframework.boot.context.embedded.tomcat.TomcatEmbeddedServletContainer [main] (TomcatEmbeddedServletContainer.java:89) INFO  --> Tomcat initialized with port(s): 8082 (http)
2019-05-06 13:49:58,029 org.springframework.web.context.ContextLoader [localhost-startStop-1] (EmbeddedWebApplicationContext.java:276) INFO  --> Root WebApplicationContext: initialization completed in 2193 ms
2019-05-06 13:49:58,109 org.springframework.boot.web.servlet.ServletRegistrationBean [localhost-startStop-1] (ServletRegistrationBean.java:190) INFO  --> Mapping servlet: 'dispatcherServlet' to [/]
2019-05-06 13:49:58,111 org.springframework.boot.web.servlet.FilterRegistrationBean [localhost-startStop-1] (AbstractFilterRegistrationBean.java:258) INFO  --> Mapping filter: 'characterEncodingFilter' to: [/*]
2019-05-06 13:49:58,112 org.springframework.boot.web.servlet.FilterRegistrationBean [localhost-startStop-1] (AbstractFilterRegistrationBean.java:258) INFO  --> Mapping filter: 'hiddenHttpMethodFilter' to: [/*]
2019-05-06 13:49:58,112 org.springframework.boot.web.servlet.FilterRegistrationBean [localhost-startStop-1] (AbstractFilterRegistrationBean.java:258) INFO  --> Mapping filter: 'httpPutFormContentFilter' to: [/*]
2019-05-06 13:49:58,112 org.springframework.boot.web.servlet.FilterRegistrationBean [localhost-startStop-1] (AbstractFilterRegistrationBean.java:258) INFO  --> Mapping filter: 'requestContextFilter' to: [/*]
2019-05-06 13:49:58,112 org.springframework.boot.web.servlet.FilterRegistrationBean [localhost-startStop-1] (AbstractFilterRegistrationBean.java:258) INFO  --> Mapping filter: 'crossFilter' to: [/*]
2019-05-06 13:49:58,681 org.springframework.web.servlet.mvc.method.annotation.RequestMappingHandlerAdapter [main] (RequestMappingHandlerAdapter.java:556) INFO  --> Looking for @ControllerAdvice: org.springframework.boot.context.embedded.AnnotationConfigEmbeddedWebApplicationContext@130f889: startup date [Mon May 06 13:49:55 CST 2019]; root of context hierarchy
2019-05-06 13:49:58,717 org.springframework.web.servlet.mvc.method.annotation.RequestMappingHandlerMapping [main] (AbstractHandlerMethodMapping.java:543) INFO  --> Mapped "{[/hello]}" onto public java.lang.String com.controller.HelloController.index()
2019-05-06 13:49:58,722 org.springframework.web.servlet.mvc.method.annotation.RequestMappingHandlerMapping [main] (AbstractHandlerMethodMapping.java:543) INFO  --> Mapped "{[/bill/getSpecies],methods=[GET]}" onto public com.util.RestResponse<java.util.List<com.model.auto.Species>> com.controller.bill.BillController.getSpecies(long,int)
2019-05-06 13:49:58,723 org.springframework.web.servlet.mvc.method.annotation.RequestMappingHandlerMapping [main] (AbstractHandlerMethodMapping.java:543) INFO  --> Mapped "{[/bill/addSpecies],methods=[POST]}" onto public com.util.RestResponse<java.lang.Integer> com.controller.bill.BillController.addSpecies(com.dto.request.AddSpeciesRequestDto)
2019-05-06 13:49:58,723 org.springframework.web.servlet.mvc.method.annotation.RequestMappingHandlerMapping [main] (AbstractHandlerMethodMapping.java:543) INFO  --> Mapped "{[/bill/addAmount],methods=[POST]}" onto public com.util.RestResponse<java.lang.Integer> com.controller.bill.BillController.addAmount(com.dto.request.AddAmountRequestDto)
2019-05-06 13:49:58,724 org.springframework.web.servlet.mvc.method.annotation.RequestMappingHandlerMapping [main] (AbstractHandlerMethodMapping.java:543) INFO  --> Mapped "{[/bill/getAmount],methods=[GET]}" onto public com.util.RestResponse<java.util.List<com.dto.response.AmountResponseDto>> com.controller.bill.BillController.getAmount(long)
2019-05-06 13:49:58,724 org.springframework.web.servlet.mvc.method.annotation.RequestMappingHandlerMapping [main] (AbstractHandlerMethodMapping.java:543) INFO  --> Mapped "{[/bill/createAccount],methods=[POST]}" onto public com.util.RestResponse<java.lang.Boolean> com.controller.bill.BillController.createAccount(com.dto.common.CreateAccountDto)
2019-05-06 13:49:58,725 org.springframework.web.servlet.mvc.method.annotation.RequestMappingHandlerMapping [main] (AbstractHandlerMethodMapping.java:543) INFO  --> Mapped "{[/bill/getAccount],methods=[GET]}" onto public com.util.RestResponse<java.util.List<com.dto.response.AccountResponseDto>> com.controller.bill.BillController.getAccount(long)
2019-05-06 13:49:58,726 org.springframework.web.servlet.mvc.method.annotation.RequestMappingHandlerMapping [main] (AbstractHandlerMethodMapping.java:543) INFO  --> Mapped "{[/user/isHadUserNumber],methods=[GET]}" onto public boolean com.controller.user.UserController.isHadUserNumber(long)
2019-05-06 13:49:58,726 org.springframework.web.servlet.mvc.method.annotation.RequestMappingHandlerMapping [main] (AbstractHandlerMethodMapping.java:543) INFO  --> Mapped "{[/user/verifyPassword],methods=[POST]}" onto public boolean com.controller.user.UserController.verifyPassword(com.dto.LoginDto)
2019-05-06 13:49:58,727 org.springframework.web.servlet.mvc.method.annotation.RequestMappingHandlerMapping [main] (AbstractHandlerMethodMapping.java:543) INFO  --> Mapped "{[/user/createUser],methods=[POST]}" onto public boolean com.controller.user.UserController.createUser(com.dto.CreateUserDto)
2019-05-06 13:49:58,727 org.springframework.web.servlet.mvc.method.annotation.RequestMappingHandlerMapping [main] (AbstractHandlerMethodMapping.java:543) INFO  --> Mapped "{[/user/login],methods=[POST]}" onto public boolean com.controller.user.UserController.login(com.dto.LoginDto)
2019-05-06 13:49:58,729 org.springframework.web.servlet.mvc.method.annotation.RequestMappingHandlerMapping [main] (AbstractHandlerMethodMapping.java:543) INFO  --> Mapped "{[/error]}" onto public org.springframework.http.ResponseEntity<java.util.Map<java.lang.String, java.lang.Object>> org.springframework.boot.autoconfigure.web.BasicErrorController.error(javax.servlet.http.HttpServletRequest)
2019-05-06 13:49:58,729 org.springframework.web.servlet.mvc.method.annotation.RequestMappingHandlerMapping [main] (AbstractHandlerMethodMapping.java:543) INFO  --> Mapped "{[/error],produces=[text/html]}" onto public org.springframework.web.servlet.ModelAndView org.springframework.boot.autoconfigure.web.BasicErrorController.errorHtml(javax.servlet.http.HttpServletRequest,javax.servlet.http.HttpServletResponse)
2019-05-06 13:49:58,751 org.springframework.web.servlet.handler.SimpleUrlHandlerMapping [main] (AbstractUrlHandlerMapping.java:362) INFO  --> Mapped URL path [/webjars/**] onto handler of type [class org.springframework.web.servlet.resource.ResourceHttpRequestHandler]
2019-05-06 13:49:58,751 org.springframework.web.servlet.handler.SimpleUrlHandlerMapping [main] (AbstractUrlHandlerMapping.java:362) INFO  --> Mapped URL path [/**] onto handler of type [class org.springframework.web.servlet.resource.ResourceHttpRequestHandler]
2019-05-06 13:49:58,779 org.springframework.web.servlet.handler.SimpleUrlHandlerMapping [main] (AbstractUrlHandlerMapping.java:362) INFO  --> Mapped URL path [/**/favicon.ico] onto handler of type [class org.springframework.web.servlet.resource.ResourceHttpRequestHandler]
2019-05-06 13:49:59,009 org.springframework.jmx.export.annotation.AnnotationMBeanExporter [main] (MBeanExporter.java:431) INFO  --> Registering beans for JMX exposure on startup
2019-05-06 13:49:59,064 org.springframework.boot.context.embedded.tomcat.TomcatEmbeddedServletContainer [main] (TomcatEmbeddedServletContainer.java:201) INFO  --> Tomcat started on port(s): 8082 (http)
2019-05-06 13:49:59,067 com.Application [main] (StartupInfoLogger.java:57) INFO  --> Started Application in 3.502 seconds (JVM running for 4.388)
2019-05-06 13:54:59,051 org.springframework.web.servlet.DispatcherServlet [http-nio-8082-exec-1] (FrameworkServlet.java:489) INFO  --> FrameworkServlet 'dispatcherServlet': initialization started
2019-05-06 13:54:59,079 org.springframework.web.servlet.DispatcherServlet [http-nio-8082-exec-1] (FrameworkServlet.java:508) INFO  --> FrameworkServlet 'dispatcherServlet': initialization completed in 26 ms
2019-05-06 14:29:37,710 org.springframework.boot.context.embedded.AnnotationConfigEmbeddedWebApplicationContext [Thread-11] (AbstractApplicationContext.java:984) INFO  --> Closing org.springframework.boot.context.embedded.AnnotationConfigEmbeddedWebApplicationContext@130f889: startup date [Mon May 06 13:49:55 CST 2019]; root of context hierarchy
2019-05-06 14:29:37,784 org.springframework.jmx.export.annotation.AnnotationMBeanExporter [Thread-11] (MBeanExporter.java:449) INFO  --> Unregistering JMX-exposed beans on shutdown
