2019-05-14 14:00:09,610 com.Application [main] (StartupInfoLogger.java:48) INFO  --> Starting Application on bjhldeMacBook-Pro-112.local with PID 577 (/Users/bjhl/IdeaProjects/mybill/app/target/classes started by bjhl in /Users/bjhl/IdeaProjects/mybill)
2019-05-14 14:00:09,614 com.Application [main] (SpringApplication.java:593) INFO  --> No active profile set, falling back to default profiles: default
2019-05-14 14:00:09,749 org.springframework.boot.context.embedded.AnnotationConfigEmbeddedWebApplicationContext [main] (AbstractApplicationContext.java:583) INFO  --> Refreshing org.springframework.boot.context.embedded.AnnotationConfigEmbeddedWebApplicationContext@130f889: startup date [Tue May 14 14:00:09 CST 2019]; root of context hierarchy
2019-05-14 14:00:09,854 org.hibernate.validator.internal.util.Version [background-preinit] (Version.java:30) INFO  --> HV000001: Hibernate Validator 5.3.6.Final
2019-05-14 14:00:12,015 org.springframework.boot.context.embedded.tomcat.TomcatEmbeddedServletContainer [main] (TomcatEmbeddedServletContainer.java:89) INFO  --> Tomcat initialized with port(s): 8082 (http)
2019-05-14 14:00:12,118 org.springframework.web.context.ContextLoader [localhost-startStop-1] (EmbeddedWebApplicationContext.java:276) INFO  --> Root WebApplicationContext: initialization completed in 2378 ms
2019-05-14 14:00:12,204 org.springframework.boot.web.servlet.ServletRegistrationBean [localhost-startStop-1] (ServletRegistrationBean.java:190) INFO  --> Mapping servlet: 'dispatcherServlet' to [/]
2019-05-14 14:00:12,208 org.springframework.boot.web.servlet.FilterRegistrationBean [localhost-startStop-1] (AbstractFilterRegistrationBean.java:258) INFO  --> Mapping filter: 'characterEncodingFilter' to: [/*]
2019-05-14 14:00:12,209 org.springframework.boot.web.servlet.FilterRegistrationBean [localhost-startStop-1] (AbstractFilterRegistrationBean.java:258) INFO  --> Mapping filter: 'hiddenHttpMethodFilter' to: [/*]
2019-05-14 14:00:12,209 org.springframework.boot.web.servlet.FilterRegistrationBean [localhost-startStop-1] (AbstractFilterRegistrationBean.java:258) INFO  --> Mapping filter: 'httpPutFormContentFilter' to: [/*]
2019-05-14 14:00:12,209 org.springframework.boot.web.servlet.FilterRegistrationBean [localhost-startStop-1] (AbstractFilterRegistrationBean.java:258) INFO  --> Mapping filter: 'requestContextFilter' to: [/*]
2019-05-14 14:00:12,209 org.springframework.boot.web.servlet.FilterRegistrationBean [localhost-startStop-1] (AbstractFilterRegistrationBean.java:258) INFO  --> Mapping filter: 'crossFilter' to: [/*]
2019-05-14 14:00:12,932 org.springframework.web.servlet.mvc.method.annotation.RequestMappingHandlerAdapter [main] (RequestMappingHandlerAdapter.java:556) INFO  --> Looking for @ControllerAdvice: org.springframework.boot.context.embedded.AnnotationConfigEmbeddedWebApplicationContext@130f889: startup date [Tue May 14 14:00:09 CST 2019]; root of context hierarchy
2019-05-14 14:00:12,995 org.springframework.web.servlet.mvc.method.annotation.RequestMappingHandlerMapping [main] (AbstractHandlerMethodMapping.java:543) INFO  --> Mapped "{[/hello]}" onto public java.lang.String com.controller.HelloController.index()
2019-05-14 14:00:13,001 org.springframework.web.servlet.mvc.method.annotation.RequestMappingHandlerMapping [main] (AbstractHandlerMethodMapping.java:543) INFO  --> Mapped "{[/bill/getSpecies],methods=[GET]}" onto public com.util.RestResponse<java.util.List<com.model.auto.Species>> com.controller.bill.BillController.getSpecies(long,int)
2019-05-14 14:00:13,002 org.springframework.web.servlet.mvc.method.annotation.RequestMappingHandlerMapping [main] (AbstractHandlerMethodMapping.java:543) INFO  --> Mapped "{[/bill/getDelSystemSpecies],methods=[GET]}" onto public com.util.RestResponse<java.util.List<com.model.auto.Species>> com.controller.bill.BillController.getDelSystemSpecies(long,int)
2019-05-14 14:00:13,003 org.springframework.web.servlet.mvc.method.annotation.RequestMappingHandlerMapping [main] (AbstractHandlerMethodMapping.java:543) INFO  --> Mapped "{[/bill/addSpecies],methods=[POST]}" onto public com.util.RestResponse<java.lang.Integer> com.controller.bill.BillController.addSpecies(com.dto.request.AddSpeciesRequestDto)
2019-05-14 14:00:13,003 org.springframework.web.servlet.mvc.method.annotation.RequestMappingHandlerMapping [main] (AbstractHandlerMethodMapping.java:543) INFO  --> Mapped "{[/bill/deleteSpecies],methods=[GET]}" onto public com.util.RestResponse<java.lang.Boolean> com.controller.bill.BillController.deleteSpecies(java.lang.Long)
2019-05-14 14:00:13,003 org.springframework.web.servlet.mvc.method.annotation.RequestMappingHandlerMapping [main] (AbstractHandlerMethodMapping.java:543) INFO  --> Mapped "{[/bill/addSystemSpecies],methods=[GET]}" onto public com.util.RestResponse<java.lang.Boolean> com.controller.bill.BillController.addSystemSpecies(java.lang.Long)
2019-05-14 14:00:13,004 org.springframework.web.servlet.mvc.method.annotation.RequestMappingHandlerMapping [main] (AbstractHandlerMethodMapping.java:543) INFO  --> Mapped "{[/bill/addAmount],methods=[POST]}" onto public com.util.RestResponse<java.lang.Integer> com.controller.bill.BillController.addAmount(com.dto.request.AddAmountRequestDto)
2019-05-14 14:00:13,004 org.springframework.web.servlet.mvc.method.annotation.RequestMappingHandlerMapping [main] (AbstractHandlerMethodMapping.java:543) INFO  --> Mapped "{[/bill/getAmount],methods=[GET]}" onto public com.util.RestResponse<java.util.List<com.dto.response.AmountResponseDto>> com.controller.bill.BillController.getAmount(long,java.lang.Integer)
2019-05-14 14:00:13,004 org.springframework.web.servlet.mvc.method.annotation.RequestMappingHandlerMapping [main] (AbstractHandlerMethodMapping.java:543) INFO  --> Mapped "{[/bill/createAccount],methods=[POST]}" onto public com.util.RestResponse<java.lang.Boolean> com.controller.bill.BillController.createAccount(com.dto.common.CreateAccountDto)
2019-05-14 14:00:13,005 org.springframework.web.servlet.mvc.method.annotation.RequestMappingHandlerMapping [main] (AbstractHandlerMethodMapping.java:543) INFO  --> Mapped "{[/bill/getAccount],methods=[GET]}" onto public com.util.RestResponse<java.util.List<com.dto.response.AccountResponseDto>> com.controller.bill.BillController.getAccount(long)
2019-05-14 14:00:13,006 org.springframework.web.servlet.mvc.method.annotation.RequestMappingHandlerMapping [main] (AbstractHandlerMethodMapping.java:543) INFO  --> Mapped "{[/user/isHadUserNumber],methods=[GET]}" onto public boolean com.controller.user.UserController.isHadUserNumber(long)
2019-05-14 14:00:13,007 org.springframework.web.servlet.mvc.method.annotation.RequestMappingHandlerMapping [main] (AbstractHandlerMethodMapping.java:543) INFO  --> Mapped "{[/user/verifyPassword],methods=[POST]}" onto public boolean com.controller.user.UserController.verifyPassword(com.dto.LoginDto)
2019-05-14 14:00:13,007 org.springframework.web.servlet.mvc.method.annotation.RequestMappingHandlerMapping [main] (AbstractHandlerMethodMapping.java:543) INFO  --> Mapped "{[/user/createUser],methods=[POST]}" onto public boolean com.controller.user.UserController.createUser(com.dto.CreateUserDto)
2019-05-14 14:00:13,008 org.springframework.web.servlet.mvc.method.annotation.RequestMappingHandlerMapping [main] (AbstractHandlerMethodMapping.java:543) INFO  --> Mapped "{[/user/login],methods=[POST]}" onto public boolean com.controller.user.UserController.login(com.dto.LoginDto)
2019-05-14 14:00:13,008 org.springframework.web.servlet.mvc.method.annotation.RequestMappingHandlerMapping [main] (AbstractHandlerMethodMapping.java:543) INFO  --> Mapped "{[/user/addMember],methods=[POST]}" onto public com.util.RestResponse<java.lang.Integer> com.controller.user.UserController.addMember(com.dto.request.AddMemberRequest)
2019-05-14 14:00:13,010 org.springframework.web.servlet.mvc.method.annotation.RequestMappingHandlerMapping [main] (AbstractHandlerMethodMapping.java:543) INFO  --> Mapped "{[/error]}" onto public org.springframework.http.ResponseEntity<java.util.Map<java.lang.String, java.lang.Object>> org.springframework.boot.autoconfigure.web.BasicErrorController.error(javax.servlet.http.HttpServletRequest)
2019-05-14 14:00:13,010 org.springframework.web.servlet.mvc.method.annotation.RequestMappingHandlerMapping [main] (AbstractHandlerMethodMapping.java:543) INFO  --> Mapped "{[/error],produces=[text/html]}" onto public org.springframework.web.servlet.ModelAndView org.springframework.boot.autoconfigure.web.BasicErrorController.errorHtml(javax.servlet.http.HttpServletRequest,javax.servlet.http.HttpServletResponse)
2019-05-14 14:00:13,037 org.springframework.web.servlet.handler.SimpleUrlHandlerMapping [main] (AbstractUrlHandlerMapping.java:362) INFO  --> Mapped URL path [/webjars/**] onto handler of type [class org.springframework.web.servlet.resource.ResourceHttpRequestHandler]
2019-05-14 14:00:13,037 org.springframework.web.servlet.handler.SimpleUrlHandlerMapping [main] (AbstractUrlHandlerMapping.java:362) INFO  --> Mapped URL path [/**] onto handler of type [class org.springframework.web.servlet.resource.ResourceHttpRequestHandler]
2019-05-14 14:00:13,072 org.springframework.web.servlet.handler.SimpleUrlHandlerMapping [main] (AbstractUrlHandlerMapping.java:362) INFO  --> Mapped URL path [/**/favicon.ico] onto handler of type [class org.springframework.web.servlet.resource.ResourceHttpRequestHandler]
2019-05-14 14:00:13,283 org.springframework.jmx.export.annotation.AnnotationMBeanExporter [main] (MBeanExporter.java:431) INFO  --> Registering beans for JMX exposure on startup
2019-05-14 14:00:13,341 org.springframework.boot.context.embedded.tomcat.TomcatEmbeddedServletContainer [main] (TomcatEmbeddedServletContainer.java:201) INFO  --> Tomcat started on port(s): 8082 (http)
2019-05-14 14:00:13,345 com.Application [main] (StartupInfoLogger.java:57) INFO  --> Started Application in 4.157 seconds (JVM running for 5.191)
2019-05-14 14:05:29,935 org.springframework.web.servlet.DispatcherServlet [http-nio-8082-exec-1] (FrameworkServlet.java:489) INFO  --> FrameworkServlet 'dispatcherServlet': initialization started
2019-05-14 14:05:29,955 org.springframework.web.servlet.DispatcherServlet [http-nio-8082-exec-1] (FrameworkServlet.java:508) INFO  --> FrameworkServlet 'dispatcherServlet': initialization completed in 19 ms
2019-05-14 14:07:05,408 org.springframework.boot.context.embedded.AnnotationConfigEmbeddedWebApplicationContext [Thread-11] (AbstractApplicationContext.java:984) INFO  --> Closing org.springframework.boot.context.embedded.AnnotationConfigEmbeddedWebApplicationContext@130f889: startup date [Tue May 14 14:00:09 CST 2019]; root of context hierarchy
2019-05-14 14:07:05,413 org.springframework.jmx.export.annotation.AnnotationMBeanExporter [Thread-11] (MBeanExporter.java:449) INFO  --> Unregistering JMX-exposed beans on shutdown
2019-05-14 14:07:08,929 com.Application [main] (StartupInfoLogger.java:48) INFO  --> Starting Application on bjhldeMacBook-Pro-112.local with PID 595 (/Users/bjhl/IdeaProjects/mybill/app/target/classes started by bjhl in /Users/bjhl/IdeaProjects/mybill)
2019-05-14 14:07:08,939 com.Application [main] (SpringApplication.java:593) INFO  --> No active profile set, falling back to default profiles: default
2019-05-14 14:07:09,023 org.springframework.boot.context.embedded.AnnotationConfigEmbeddedWebApplicationContext [main] (AbstractApplicationContext.java:583) INFO  --> Refreshing org.springframework.boot.context.embedded.AnnotationConfigEmbeddedWebApplicationContext@130f889: startup date [Tue May 14 14:07:09 CST 2019]; root of context hierarchy
2019-05-14 14:07:09,168 org.hibernate.validator.internal.util.Version [background-preinit] (Version.java:30) INFO  --> HV000001: Hibernate Validator 5.3.6.Final
2019-05-14 14:07:10,991 org.springframework.boot.context.embedded.tomcat.TomcatEmbeddedServletContainer [main] (TomcatEmbeddedServletContainer.java:89) INFO  --> Tomcat initialized with port(s): 8082 (http)
2019-05-14 14:07:11,057 org.springframework.web.context.ContextLoader [localhost-startStop-1] (EmbeddedWebApplicationContext.java:276) INFO  --> Root WebApplicationContext: initialization completed in 2053 ms
2019-05-14 14:07:11,135 org.springframework.boot.web.servlet.ServletRegistrationBean [localhost-startStop-1] (ServletRegistrationBean.java:190) INFO  --> Mapping servlet: 'dispatcherServlet' to [/]
2019-05-14 14:07:11,138 org.springframework.boot.web.servlet.FilterRegistrationBean [localhost-startStop-1] (AbstractFilterRegistrationBean.java:258) INFO  --> Mapping filter: 'characterEncodingFilter' to: [/*]
2019-05-14 14:07:11,138 org.springframework.boot.web.servlet.FilterRegistrationBean [localhost-startStop-1] (AbstractFilterRegistrationBean.java:258) INFO  --> Mapping filter: 'hiddenHttpMethodFilter' to: [/*]
2019-05-14 14:07:11,139 org.springframework.boot.web.servlet.FilterRegistrationBean [localhost-startStop-1] (AbstractFilterRegistrationBean.java:258) INFO  --> Mapping filter: 'httpPutFormContentFilter' to: [/*]
2019-05-14 14:07:11,139 org.springframework.boot.web.servlet.FilterRegistrationBean [localhost-startStop-1] (AbstractFilterRegistrationBean.java:258) INFO  --> Mapping filter: 'requestContextFilter' to: [/*]
2019-05-14 14:07:11,139 org.springframework.boot.web.servlet.FilterRegistrationBean [localhost-startStop-1] (AbstractFilterRegistrationBean.java:258) INFO  --> Mapping filter: 'crossFilter' to: [/*]
2019-05-14 14:07:11,708 org.springframework.web.servlet.mvc.method.annotation.RequestMappingHandlerAdapter [main] (RequestMappingHandlerAdapter.java:556) INFO  --> Looking for @ControllerAdvice: org.springframework.boot.context.embedded.AnnotationConfigEmbeddedWebApplicationContext@130f889: startup date [Tue May 14 14:07:09 CST 2019]; root of context hierarchy
2019-05-14 14:07:11,745 org.springframework.web.servlet.mvc.method.annotation.RequestMappingHandlerMapping [main] (AbstractHandlerMethodMapping.java:543) INFO  --> Mapped "{[/hello]}" onto public java.lang.String com.controller.HelloController.index()
2019-05-14 14:07:11,750 org.springframework.web.servlet.mvc.method.annotation.RequestMappingHandlerMapping [main] (AbstractHandlerMethodMapping.java:543) INFO  --> Mapped "{[/bill/getSpecies],methods=[GET]}" onto public com.util.RestResponse<java.util.List<com.model.auto.Species>> com.controller.bill.BillController.getSpecies(long,int)
2019-05-14 14:07:11,751 org.springframework.web.servlet.mvc.method.annotation.RequestMappingHandlerMapping [main] (AbstractHandlerMethodMapping.java:543) INFO  --> Mapped "{[/bill/getDelSystemSpecies],methods=[GET]}" onto public com.util.RestResponse<java.util.List<com.model.auto.Species>> com.controller.bill.BillController.getDelSystemSpecies(long,int)
2019-05-14 14:07:11,752 org.springframework.web.servlet.mvc.method.annotation.RequestMappingHandlerMapping [main] (AbstractHandlerMethodMapping.java:543) INFO  --> Mapped "{[/bill/addSpecies],methods=[POST]}" onto public com.util.RestResponse<java.lang.Integer> com.controller.bill.BillController.addSpecies(com.dto.request.AddSpeciesRequestDto)
2019-05-14 14:07:11,752 org.springframework.web.servlet.mvc.method.annotation.RequestMappingHandlerMapping [main] (AbstractHandlerMethodMapping.java:543) INFO  --> Mapped "{[/bill/deleteSpecies],methods=[GET]}" onto public com.util.RestResponse<java.lang.Boolean> com.controller.bill.BillController.deleteSpecies(java.lang.Long)
2019-05-14 14:07:11,752 org.springframework.web.servlet.mvc.method.annotation.RequestMappingHandlerMapping [main] (AbstractHandlerMethodMapping.java:543) INFO  --> Mapped "{[/bill/addSystemSpecies],methods=[GET]}" onto public com.util.RestResponse<java.lang.Boolean> com.controller.bill.BillController.addSystemSpecies(java.lang.Long)
2019-05-14 14:07:11,753 org.springframework.web.servlet.mvc.method.annotation.RequestMappingHandlerMapping [main] (AbstractHandlerMethodMapping.java:543) INFO  --> Mapped "{[/bill/addAmount],methods=[POST]}" onto public com.util.RestResponse<java.lang.Integer> com.controller.bill.BillController.addAmount(com.dto.request.AddAmountRequestDto)
2019-05-14 14:07:11,753 org.springframework.web.servlet.mvc.method.annotation.RequestMappingHandlerMapping [main] (AbstractHandlerMethodMapping.java:543) INFO  --> Mapped "{[/bill/getAmount],methods=[GET]}" onto public com.util.RestResponse<java.util.List<com.dto.response.AmountResponseDto>> com.controller.bill.BillController.getAmount(long,java.lang.Integer)
2019-05-14 14:07:11,753 org.springframework.web.servlet.mvc.method.annotation.RequestMappingHandlerMapping [main] (AbstractHandlerMethodMapping.java:543) INFO  --> Mapped "{[/bill/createAccount],methods=[POST]}" onto public com.util.RestResponse<java.lang.Boolean> com.controller.bill.BillController.createAccount(com.dto.common.CreateAccountDto)
2019-05-14 14:07:11,754 org.springframework.web.servlet.mvc.method.annotation.RequestMappingHandlerMapping [main] (AbstractHandlerMethodMapping.java:543) INFO  --> Mapped "{[/bill/getAccount],methods=[GET]}" onto public com.util.RestResponse<java.util.List<com.dto.response.AccountResponseDto>> com.controller.bill.BillController.getAccount(long)
2019-05-14 14:07:11,756 org.springframework.web.servlet.mvc.method.annotation.RequestMappingHandlerMapping [main] (AbstractHandlerMethodMapping.java:543) INFO  --> Mapped "{[/user/login],methods=[POST]}" onto public boolean com.controller.user.UserController.login(com.dto.LoginDto)
2019-05-14 14:07:11,756 org.springframework.web.servlet.mvc.method.annotation.RequestMappingHandlerMapping [main] (AbstractHandlerMethodMapping.java:543) INFO  --> Mapped "{[/user/isHadUserNumber],methods=[GET]}" onto public boolean com.controller.user.UserController.isHadUserNumber(long)
2019-05-14 14:07:11,756 org.springframework.web.servlet.mvc.method.annotation.RequestMappingHandlerMapping [main] (AbstractHandlerMethodMapping.java:543) INFO  --> Mapped "{[/user/verifyPassword],methods=[POST]}" onto public boolean com.controller.user.UserController.verifyPassword(com.dto.LoginDto)
2019-05-14 14:07:11,757 org.springframework.web.servlet.mvc.method.annotation.RequestMappingHandlerMapping [main] (AbstractHandlerMethodMapping.java:543) INFO  --> Mapped "{[/user/createUser],methods=[POST]}" onto public boolean com.controller.user.UserController.createUser(com.dto.CreateUserDto)
2019-05-14 14:07:11,757 org.springframework.web.servlet.mvc.method.annotation.RequestMappingHandlerMapping [main] (AbstractHandlerMethodMapping.java:543) INFO  --> Mapped "{[/user/addMember],methods=[POST]}" onto public com.util.RestResponse<java.lang.Integer> com.controller.user.UserController.addMember(com.dto.request.AddMemberRequest)
2019-05-14 14:07:11,759 org.springframework.web.servlet.mvc.method.annotation.RequestMappingHandlerMapping [main] (AbstractHandlerMethodMapping.java:543) INFO  --> Mapped "{[/error]}" onto public org.springframework.http.ResponseEntity<java.util.Map<java.lang.String, java.lang.Object>> org.springframework.boot.autoconfigure.web.BasicErrorController.error(javax.servlet.http.HttpServletRequest)
2019-05-14 14:07:11,759 org.springframework.web.servlet.mvc.method.annotation.RequestMappingHandlerMapping [main] (AbstractHandlerMethodMapping.java:543) INFO  --> Mapped "{[/error],produces=[text/html]}" onto public org.springframework.web.servlet.ModelAndView org.springframework.boot.autoconfigure.web.BasicErrorController.errorHtml(javax.servlet.http.HttpServletRequest,javax.servlet.http.HttpServletResponse)
2019-05-14 14:07:11,780 org.springframework.web.servlet.handler.SimpleUrlHandlerMapping [main] (AbstractUrlHandlerMapping.java:362) INFO  --> Mapped URL path [/webjars/**] onto handler of type [class org.springframework.web.servlet.resource.ResourceHttpRequestHandler]
2019-05-14 14:07:11,780 org.springframework.web.servlet.handler.SimpleUrlHandlerMapping [main] (AbstractUrlHandlerMapping.java:362) INFO  --> Mapped URL path [/**] onto handler of type [class org.springframework.web.servlet.resource.ResourceHttpRequestHandler]
2019-05-14 14:07:11,806 org.springframework.web.servlet.handler.SimpleUrlHandlerMapping [main] (AbstractUrlHandlerMapping.java:362) INFO  --> Mapped URL path [/**/favicon.ico] onto handler of type [class org.springframework.web.servlet.resource.ResourceHttpRequestHandler]
2019-05-14 14:07:12,027 org.springframework.jmx.export.annotation.AnnotationMBeanExporter [main] (MBeanExporter.java:431) INFO  --> Registering beans for JMX exposure on startup
2019-05-14 14:07:12,075 org.springframework.boot.context.embedded.tomcat.TomcatEmbeddedServletContainer [main] (TomcatEmbeddedServletContainer.java:201) INFO  --> Tomcat started on port(s): 8082 (http)
2019-05-14 14:07:12,078 com.Application [main] (StartupInfoLogger.java:57) INFO  --> Started Application in 3.373 seconds (JVM running for 4.11)
2019-05-14 14:07:19,492 org.springframework.web.servlet.DispatcherServlet [http-nio-8082-exec-1] (FrameworkServlet.java:489) INFO  --> FrameworkServlet 'dispatcherServlet': initialization started
2019-05-14 14:07:19,502 org.springframework.web.servlet.DispatcherServlet [http-nio-8082-exec-1] (FrameworkServlet.java:508) INFO  --> FrameworkServlet 'dispatcherServlet': initialization completed in 10 ms
2019-05-14 14:09:58,371 org.springframework.boot.context.embedded.AnnotationConfigEmbeddedWebApplicationContext [Thread-9] (AbstractApplicationContext.java:984) INFO  --> Closing org.springframework.boot.context.embedded.AnnotationConfigEmbeddedWebApplicationContext@130f889: startup date [Tue May 14 14:07:09 CST 2019]; root of context hierarchy
2019-05-14 14:09:58,373 org.springframework.jmx.export.annotation.AnnotationMBeanExporter [Thread-9] (MBeanExporter.java:449) INFO  --> Unregistering JMX-exposed beans on shutdown
2019-05-14 14:10:03,051 com.Application [main] (StartupInfoLogger.java:48) INFO  --> Starting Application on bjhldeMacBook-Pro-112.local with PID 607 (/Users/bjhl/IdeaProjects/mybill/app/target/classes started by bjhl in /Users/bjhl/IdeaProjects/mybill)
2019-05-14 14:10:03,053 com.Application [main] (SpringApplication.java:593) INFO  --> No active profile set, falling back to default profiles: default
2019-05-14 14:10:03,107 org.springframework.boot.context.embedded.AnnotationConfigEmbeddedWebApplicationContext [main] (AbstractApplicationContext.java:583) INFO  --> Refreshing org.springframework.boot.context.embedded.AnnotationConfigEmbeddedWebApplicationContext@55cb6996: startup date [Tue May 14 14:10:03 CST 2019]; root of context hierarchy
2019-05-14 14:10:03,275 org.hibernate.validator.internal.util.Version [background-preinit] (Version.java:30) INFO  --> HV000001: Hibernate Validator 5.3.6.Final
2019-05-14 14:10:05,139 org.springframework.boot.context.embedded.tomcat.TomcatEmbeddedServletContainer [main] (TomcatEmbeddedServletContainer.java:89) INFO  --> Tomcat initialized with port(s): 8082 (http)
2019-05-14 14:10:05,228 org.springframework.web.context.ContextLoader [localhost-startStop-1] (EmbeddedWebApplicationContext.java:276) INFO  --> Root WebApplicationContext: initialization completed in 2124 ms
2019-05-14 14:10:05,355 org.springframework.boot.web.servlet.ServletRegistrationBean [localhost-startStop-1] (ServletRegistrationBean.java:190) INFO  --> Mapping servlet: 'dispatcherServlet' to [/]
2019-05-14 14:10:05,368 org.springframework.boot.web.servlet.FilterRegistrationBean [localhost-startStop-1] (AbstractFilterRegistrationBean.java:258) INFO  --> Mapping filter: 'characterEncodingFilter' to: [/*]
2019-05-14 14:10:05,371 org.springframework.boot.web.servlet.FilterRegistrationBean [localhost-startStop-1] (AbstractFilterRegistrationBean.java:258) INFO  --> Mapping filter: 'hiddenHttpMethodFilter' to: [/*]
2019-05-14 14:10:05,371 org.springframework.boot.web.servlet.FilterRegistrationBean [localhost-startStop-1] (AbstractFilterRegistrationBean.java:258) INFO  --> Mapping filter: 'httpPutFormContentFilter' to: [/*]
2019-05-14 14:10:05,372 org.springframework.boot.web.servlet.FilterRegistrationBean [localhost-startStop-1] (AbstractFilterRegistrationBean.java:258) INFO  --> Mapping filter: 'requestContextFilter' to: [/*]
2019-05-14 14:10:05,373 org.springframework.boot.web.servlet.FilterRegistrationBean [localhost-startStop-1] (AbstractFilterRegistrationBean.java:258) INFO  --> Mapping filter: 'crossFilter' to: [/*]
2019-05-14 14:10:06,164 org.springframework.web.servlet.mvc.method.annotation.RequestMappingHandlerAdapter [main] (RequestMappingHandlerAdapter.java:556) INFO  --> Looking for @ControllerAdvice: org.springframework.boot.context.embedded.AnnotationConfigEmbeddedWebApplicationContext@55cb6996: startup date [Tue May 14 14:10:03 CST 2019]; root of context hierarchy
2019-05-14 14:10:06,211 org.springframework.web.servlet.mvc.method.annotation.RequestMappingHandlerMapping [main] (AbstractHandlerMethodMapping.java:543) INFO  --> Mapped "{[/hello]}" onto public java.lang.String com.controller.HelloController.index()
2019-05-14 14:10:06,217 org.springframework.web.servlet.mvc.method.annotation.RequestMappingHandlerMapping [main] (AbstractHandlerMethodMapping.java:543) INFO  --> Mapped "{[/bill/getSpecies],methods=[GET]}" onto public com.util.RestResponse<java.util.List<com.model.auto.Species>> com.controller.bill.BillController.getSpecies(long,int)
2019-05-14 14:10:06,218 org.springframework.web.servlet.mvc.method.annotation.RequestMappingHandlerMapping [main] (AbstractHandlerMethodMapping.java:543) INFO  --> Mapped "{[/bill/getDelSystemSpecies],methods=[GET]}" onto public com.util.RestResponse<java.util.List<com.model.auto.Species>> com.controller.bill.BillController.getDelSystemSpecies(long,int)
2019-05-14 14:10:06,219 org.springframework.web.servlet.mvc.method.annotation.RequestMappingHandlerMapping [main] (AbstractHandlerMethodMapping.java:543) INFO  --> Mapped "{[/bill/addSpecies],methods=[POST]}" onto public com.util.RestResponse<java.lang.Integer> com.controller.bill.BillController.addSpecies(com.dto.request.AddSpeciesRequestDto)
2019-05-14 14:10:06,219 org.springframework.web.servlet.mvc.method.annotation.RequestMappingHandlerMapping [main] (AbstractHandlerMethodMapping.java:543) INFO  --> Mapped "{[/bill/deleteSpecies],methods=[GET]}" onto public com.util.RestResponse<java.lang.Boolean> com.controller.bill.BillController.deleteSpecies(java.lang.Long)
2019-05-14 14:10:06,220 org.springframework.web.servlet.mvc.method.annotation.RequestMappingHandlerMapping [main] (AbstractHandlerMethodMapping.java:543) INFO  --> Mapped "{[/bill/addSystemSpecies],methods=[GET]}" onto public com.util.RestResponse<java.lang.Boolean> com.controller.bill.BillController.addSystemSpecies(java.lang.Long)
2019-05-14 14:10:06,220 org.springframework.web.servlet.mvc.method.annotation.RequestMappingHandlerMapping [main] (AbstractHandlerMethodMapping.java:543) INFO  --> Mapped "{[/bill/addAmount],methods=[POST]}" onto public com.util.RestResponse<java.lang.Integer> com.controller.bill.BillController.addAmount(com.dto.request.AddAmountRequestDto)
2019-05-14 14:10:06,220 org.springframework.web.servlet.mvc.method.annotation.RequestMappingHandlerMapping [main] (AbstractHandlerMethodMapping.java:543) INFO  --> Mapped "{[/bill/getAmount],methods=[GET]}" onto public com.util.RestResponse<java.util.List<com.dto.response.AmountResponseDto>> com.controller.bill.BillController.getAmount(long,java.lang.Integer)
2019-05-14 14:10:06,221 org.springframework.web.servlet.mvc.method.annotation.RequestMappingHandlerMapping [main] (AbstractHandlerMethodMapping.java:543) INFO  --> Mapped "{[/bill/createAccount],methods=[POST]}" onto public com.util.RestResponse<java.lang.Boolean> com.controller.bill.BillController.createAccount(com.dto.common.CreateAccountDto)
2019-05-14 14:10:06,221 org.springframework.web.servlet.mvc.method.annotation.RequestMappingHandlerMapping [main] (AbstractHandlerMethodMapping.java:543) INFO  --> Mapped "{[/bill/getAccount],methods=[GET]}" onto public com.util.RestResponse<java.util.List<com.dto.response.AccountResponseDto>> com.controller.bill.BillController.getAccount(long)
2019-05-14 14:10:06,223 org.springframework.web.servlet.mvc.method.annotation.RequestMappingHandlerMapping [main] (AbstractHandlerMethodMapping.java:543) INFO  --> Mapped "{[/user/login],methods=[POST]}" onto public boolean com.controller.user.UserController.login(com.dto.LoginDto)
2019-05-14 14:10:06,223 org.springframework.web.servlet.mvc.method.annotation.RequestMappingHandlerMapping [main] (AbstractHandlerMethodMapping.java:543) INFO  --> Mapped "{[/user/isHadUserNumber],methods=[GET]}" onto public boolean com.controller.user.UserController.isHadUserNumber(long)
2019-05-14 14:10:06,224 org.springframework.web.servlet.mvc.method.annotation.RequestMappingHandlerMapping [main] (AbstractHandlerMethodMapping.java:543) INFO  --> Mapped "{[/user/verifyPassword],methods=[POST]}" onto public boolean com.controller.user.UserController.verifyPassword(com.dto.LoginDto)
2019-05-14 14:10:06,224 org.springframework.web.servlet.mvc.method.annotation.RequestMappingHandlerMapping [main] (AbstractHandlerMethodMapping.java:543) INFO  --> Mapped "{[/user/createUser],methods=[POST]}" onto public boolean com.controller.user.UserController.createUser(com.dto.CreateUserDto)
2019-05-14 14:10:06,225 org.springframework.web.servlet.mvc.method.annotation.RequestMappingHandlerMapping [main] (AbstractHandlerMethodMapping.java:543) INFO  --> Mapped "{[/user/addMember],methods=[POST]}" onto public com.util.RestResponse<java.lang.Integer> com.controller.user.UserController.addMember(com.dto.request.AddMemberRequest)
2019-05-14 14:10:06,227 org.springframework.web.servlet.mvc.method.annotation.RequestMappingHandlerMapping [main] (AbstractHandlerMethodMapping.java:543) INFO  --> Mapped "{[/error]}" onto public org.springframework.http.ResponseEntity<java.util.Map<java.lang.String, java.lang.Object>> org.springframework.boot.autoconfigure.web.BasicErrorController.error(javax.servlet.http.HttpServletRequest)
2019-05-14 14:10:06,228 org.springframework.web.servlet.mvc.method.annotation.RequestMappingHandlerMapping [main] (AbstractHandlerMethodMapping.java:543) INFO  --> Mapped "{[/error],produces=[text/html]}" onto public org.springframework.web.servlet.ModelAndView org.springframework.boot.autoconfigure.web.BasicErrorController.errorHtml(javax.servlet.http.HttpServletRequest,javax.servlet.http.HttpServletResponse)
2019-05-14 14:10:06,260 org.springframework.web.servlet.handler.SimpleUrlHandlerMapping [main] (AbstractUrlHandlerMapping.java:362) INFO  --> Mapped URL path [/webjars/**] onto handler of type [class org.springframework.web.servlet.resource.ResourceHttpRequestHandler]
2019-05-14 14:10:06,261 org.springframework.web.servlet.handler.SimpleUrlHandlerMapping [main] (AbstractUrlHandlerMapping.java:362) INFO  --> Mapped URL path [/**] onto handler of type [class org.springframework.web.servlet.resource.ResourceHttpRequestHandler]
2019-05-14 14:10:06,304 org.springframework.web.servlet.handler.SimpleUrlHandlerMapping [main] (AbstractUrlHandlerMapping.java:362) INFO  --> Mapped URL path [/**/favicon.ico] onto handler of type [class org.springframework.web.servlet.resource.ResourceHttpRequestHandler]
2019-05-14 14:10:06,608 org.springframework.jmx.export.annotation.AnnotationMBeanExporter [main] (MBeanExporter.java:431) INFO  --> Registering beans for JMX exposure on startup
2019-05-14 14:10:06,665 org.springframework.boot.context.embedded.tomcat.TomcatEmbeddedServletContainer [main] (TomcatEmbeddedServletContainer.java:201) INFO  --> Tomcat started on port(s): 8082 (http)
2019-05-14 14:10:06,670 com.Application [main] (StartupInfoLogger.java:57) INFO  --> Started Application in 3.869 seconds (JVM running for 5.63)
2019-05-14 14:10:14,505 org.springframework.web.servlet.DispatcherServlet [http-nio-8082-exec-1] (FrameworkServlet.java:489) INFO  --> FrameworkServlet 'dispatcherServlet': initialization started
2019-05-14 14:10:14,519 org.springframework.web.servlet.DispatcherServlet [http-nio-8082-exec-1] (FrameworkServlet.java:508) INFO  --> FrameworkServlet 'dispatcherServlet': initialization completed in 13 ms
2019-05-14 14:10:48,570 org.springframework.boot.context.embedded.AnnotationConfigEmbeddedWebApplicationContext [Thread-11] (AbstractApplicationContext.java:984) INFO  --> Closing org.springframework.boot.context.embedded.AnnotationConfigEmbeddedWebApplicationContext@55cb6996: startup date [Tue May 14 14:10:03 CST 2019]; root of context hierarchy
2019-05-14 14:10:48,577 org.springframework.jmx.export.annotation.AnnotationMBeanExporter [Thread-11] (MBeanExporter.java:449) INFO  --> Unregistering JMX-exposed beans on shutdown
2019-05-14 14:10:52,303 com.Application [main] (StartupInfoLogger.java:48) INFO  --> Starting Application on bjhldeMacBook-Pro-112.local with PID 612 (/Users/bjhl/IdeaProjects/mybill/app/target/classes started by bjhl in /Users/bjhl/IdeaProjects/mybill)
2019-05-14 14:10:52,305 com.Application [main] (SpringApplication.java:593) INFO  --> No active profile set, falling back to default profiles: default
2019-05-14 14:10:52,352 org.springframework.boot.context.embedded.AnnotationConfigEmbeddedWebApplicationContext [main] (AbstractApplicationContext.java:583) INFO  --> Refreshing org.springframework.boot.context.embedded.AnnotationConfigEmbeddedWebApplicationContext@130f889: startup date [Tue May 14 14:10:52 CST 2019]; root of context hierarchy
2019-05-14 14:10:52,508 org.hibernate.validator.internal.util.Version [background-preinit] (Version.java:30) INFO  --> HV000001: Hibernate Validator 5.3.6.Final
2019-05-14 14:10:54,524 org.springframework.boot.context.embedded.tomcat.TomcatEmbeddedServletContainer [main] (TomcatEmbeddedServletContainer.java:89) INFO  --> Tomcat initialized with port(s): 8082 (http)
2019-05-14 14:10:54,639 org.springframework.web.context.ContextLoader [localhost-startStop-1] (EmbeddedWebApplicationContext.java:276) INFO  --> Root WebApplicationContext: initialization completed in 2289 ms
2019-05-14 14:10:54,782 org.springframework.boot.web.servlet.ServletRegistrationBean [localhost-startStop-1] (ServletRegistrationBean.java:190) INFO  --> Mapping servlet: 'dispatcherServlet' to [/]
2019-05-14 14:10:54,788 org.springframework.boot.web.servlet.FilterRegistrationBean [localhost-startStop-1] (AbstractFilterRegistrationBean.java:258) INFO  --> Mapping filter: 'characterEncodingFilter' to: [/*]
2019-05-14 14:10:54,789 org.springframework.boot.web.servlet.FilterRegistrationBean [localhost-startStop-1] (AbstractFilterRegistrationBean.java:258) INFO  --> Mapping filter: 'hiddenHttpMethodFilter' to: [/*]
2019-05-14 14:10:54,789 org.springframework.boot.web.servlet.FilterRegistrationBean [localhost-startStop-1] (AbstractFilterRegistrationBean.java:258) INFO  --> Mapping filter: 'httpPutFormContentFilter' to: [/*]
2019-05-14 14:10:54,789 org.springframework.boot.web.servlet.FilterRegistrationBean [localhost-startStop-1] (AbstractFilterRegistrationBean.java:258) INFO  --> Mapping filter: 'requestContextFilter' to: [/*]
2019-05-14 14:10:54,789 org.springframework.boot.web.servlet.FilterRegistrationBean [localhost-startStop-1] (AbstractFilterRegistrationBean.java:258) INFO  --> Mapping filter: 'crossFilter' to: [/*]
2019-05-14 14:10:55,593 org.springframework.web.servlet.mvc.method.annotation.RequestMappingHandlerAdapter [main] (RequestMappingHandlerAdapter.java:556) INFO  --> Looking for @ControllerAdvice: org.springframework.boot.context.embedded.AnnotationConfigEmbeddedWebApplicationContext@130f889: startup date [Tue May 14 14:10:52 CST 2019]; root of context hierarchy
2019-05-14 14:10:55,647 org.springframework.web.servlet.mvc.method.annotation.RequestMappingHandlerMapping [main] (AbstractHandlerMethodMapping.java:543) INFO  --> Mapped "{[/hello]}" onto public java.lang.String com.controller.HelloController.index()
2019-05-14 14:10:55,653 org.springframework.web.servlet.mvc.method.annotation.RequestMappingHandlerMapping [main] (AbstractHandlerMethodMapping.java:543) INFO  --> Mapped "{[/bill/getSpecies],methods=[GET]}" onto public com.util.RestResponse<java.util.List<com.model.auto.Species>> com.controller.bill.BillController.getSpecies(long,int)
2019-05-14 14:10:55,654 org.springframework.web.servlet.mvc.method.annotation.RequestMappingHandlerMapping [main] (AbstractHandlerMethodMapping.java:543) INFO  --> Mapped "{[/bill/getDelSystemSpecies],methods=[GET]}" onto public com.util.RestResponse<java.util.List<com.model.auto.Species>> com.controller.bill.BillController.getDelSystemSpecies(long,int)
2019-05-14 14:10:55,654 org.springframework.web.servlet.mvc.method.annotation.RequestMappingHandlerMapping [main] (AbstractHandlerMethodMapping.java:543) INFO  --> Mapped "{[/bill/addSpecies],methods=[POST]}" onto public com.util.RestResponse<java.lang.Integer> com.controller.bill.BillController.addSpecies(com.dto.request.AddSpeciesRequestDto)
2019-05-14 14:10:55,655 org.springframework.web.servlet.mvc.method.annotation.RequestMappingHandlerMapping [main] (AbstractHandlerMethodMapping.java:543) INFO  --> Mapped "{[/bill/deleteSpecies],methods=[GET]}" onto public com.util.RestResponse<java.lang.Boolean> com.controller.bill.BillController.deleteSpecies(java.lang.Long)
2019-05-14 14:10:55,655 org.springframework.web.servlet.mvc.method.annotation.RequestMappingHandlerMapping [main] (AbstractHandlerMethodMapping.java:543) INFO  --> Mapped "{[/bill/addSystemSpecies],methods=[GET]}" onto public com.util.RestResponse<java.lang.Boolean> com.controller.bill.BillController.addSystemSpecies(java.lang.Long)
2019-05-14 14:10:55,655 org.springframework.web.servlet.mvc.method.annotation.RequestMappingHandlerMapping [main] (AbstractHandlerMethodMapping.java:543) INFO  --> Mapped "{[/bill/addAmount],methods=[POST]}" onto public com.util.RestResponse<java.lang.Integer> com.controller.bill.BillController.addAmount(com.dto.request.AddAmountRequestDto)
2019-05-14 14:10:55,656 org.springframework.web.servlet.mvc.method.annotation.RequestMappingHandlerMapping [main] (AbstractHandlerMethodMapping.java:543) INFO  --> Mapped "{[/bill/getAmount],methods=[GET]}" onto public com.util.RestResponse<java.util.List<com.dto.response.AmountResponseDto>> com.controller.bill.BillController.getAmount(long,java.lang.Integer)
2019-05-14 14:10:55,656 org.springframework.web.servlet.mvc.method.annotation.RequestMappingHandlerMapping [main] (AbstractHandlerMethodMapping.java:543) INFO  --> Mapped "{[/bill/createAccount],methods=[POST]}" onto public com.util.RestResponse<java.lang.Boolean> com.controller.bill.BillController.createAccount(com.dto.common.CreateAccountDto)
2019-05-14 14:10:55,657 org.springframework.web.servlet.mvc.method.annotation.RequestMappingHandlerMapping [main] (AbstractHandlerMethodMapping.java:543) INFO  --> Mapped "{[/bill/getAccount],methods=[GET]}" onto public com.util.RestResponse<java.util.List<com.dto.response.AccountResponseDto>> com.controller.bill.BillController.getAccount(long)
2019-05-14 14:10:55,658 org.springframework.web.servlet.mvc.method.annotation.RequestMappingHandlerMapping [main] (AbstractHandlerMethodMapping.java:543) INFO  --> Mapped "{[/user/login],methods=[POST]}" onto public boolean com.controller.user.UserController.login(com.dto.LoginDto)
2019-05-14 14:10:55,658 org.springframework.web.servlet.mvc.method.annotation.RequestMappingHandlerMapping [main] (AbstractHandlerMethodMapping.java:543) INFO  --> Mapped "{[/user/isHadUserNumber],methods=[GET]}" onto public boolean com.controller.user.UserController.isHadUserNumber(long)
2019-05-14 14:10:55,659 org.springframework.web.servlet.mvc.method.annotation.RequestMappingHandlerMapping [main] (AbstractHandlerMethodMapping.java:543) INFO  --> Mapped "{[/user/verifyPassword],methods=[POST]}" onto public boolean com.controller.user.UserController.verifyPassword(com.dto.LoginDto)
2019-05-14 14:10:55,659 org.springframework.web.servlet.mvc.method.annotation.RequestMappingHandlerMapping [main] (AbstractHandlerMethodMapping.java:543) INFO  --> Mapped "{[/user/createUser],methods=[POST]}" onto public boolean com.controller.user.UserController.createUser(com.dto.CreateUserDto)
2019-05-14 14:10:55,659 org.springframework.web.servlet.mvc.method.annotation.RequestMappingHandlerMapping [main] (AbstractHandlerMethodMapping.java:543) INFO  --> Mapped "{[/user/addMember],methods=[POST]}" onto public com.util.RestResponse<java.lang.Integer> com.controller.user.UserController.addMember(com.dto.request.AddMemberRequest)
2019-05-14 14:10:55,661 org.springframework.web.servlet.mvc.method.annotation.RequestMappingHandlerMapping [main] (AbstractHandlerMethodMapping.java:543) INFO  --> Mapped "{[/error]}" onto public org.springframework.http.ResponseEntity<java.util.Map<java.lang.String, java.lang.Object>> org.springframework.boot.autoconfigure.web.BasicErrorController.error(javax.servlet.http.HttpServletRequest)
2019-05-14 14:10:55,661 org.springframework.web.servlet.mvc.method.annotation.RequestMappingHandlerMapping [main] (AbstractHandlerMethodMapping.java:543) INFO  --> Mapped "{[/error],produces=[text/html]}" onto public org.springframework.web.servlet.ModelAndView org.springframework.boot.autoconfigure.web.BasicErrorController.errorHtml(javax.servlet.http.HttpServletRequest,javax.servlet.http.HttpServletResponse)
2019-05-14 14:10:55,682 org.springframework.web.servlet.handler.SimpleUrlHandlerMapping [main] (AbstractUrlHandlerMapping.java:362) INFO  --> Mapped URL path [/webjars/**] onto handler of type [class org.springframework.web.servlet.resource.ResourceHttpRequestHandler]
2019-05-14 14:10:55,683 org.springframework.web.servlet.handler.SimpleUrlHandlerMapping [main] (AbstractUrlHandlerMapping.java:362) INFO  --> Mapped URL path [/**] onto handler of type [class org.springframework.web.servlet.resource.ResourceHttpRequestHandler]
2019-05-14 14:10:55,710 org.springframework.web.servlet.handler.SimpleUrlHandlerMapping [main] (AbstractUrlHandlerMapping.java:362) INFO  --> Mapped URL path [/**/favicon.ico] onto handler of type [class org.springframework.web.servlet.resource.ResourceHttpRequestHandler]
2019-05-14 14:10:55,917 org.springframework.jmx.export.annotation.AnnotationMBeanExporter [main] (MBeanExporter.java:431) INFO  --> Registering beans for JMX exposure on startup
2019-05-14 14:10:55,988 org.springframework.boot.context.embedded.tomcat.TomcatEmbeddedServletContainer [main] (TomcatEmbeddedServletContainer.java:201) INFO  --> Tomcat started on port(s): 8082 (http)
2019-05-14 14:10:55,993 com.Application [main] (StartupInfoLogger.java:57) INFO  --> Started Application in 3.862 seconds (JVM running for 4.426)
2019-05-14 14:11:08,641 org.springframework.web.servlet.DispatcherServlet [http-nio-8082-exec-1] (FrameworkServlet.java:489) INFO  --> FrameworkServlet 'dispatcherServlet': initialization started
2019-05-14 14:11:08,657 org.springframework.web.servlet.DispatcherServlet [http-nio-8082-exec-1] (FrameworkServlet.java:508) INFO  --> FrameworkServlet 'dispatcherServlet': initialization completed in 12 ms
2019-05-14 16:28:12,709 org.springframework.boot.context.embedded.AnnotationConfigEmbeddedWebApplicationContext [Thread-11] (AbstractApplicationContext.java:984) INFO  --> Closing org.springframework.boot.context.embedded.AnnotationConfigEmbeddedWebApplicationContext@130f889: startup date [Tue May 14 14:10:52 CST 2019]; root of context hierarchy
2019-05-14 16:28:12,728 org.springframework.jmx.export.annotation.AnnotationMBeanExporter [Thread-11] (MBeanExporter.java:449) INFO  --> Unregistering JMX-exposed beans on shutdown
2019-05-14 16:28:16,945 com.Application [main] (StartupInfoLogger.java:48) INFO  --> Starting Application on bjhldeMacBook-Pro-112.local with PID 1656 (/Users/bjhl/IdeaProjects/mybill/app/target/classes started by bjhl in /Users/bjhl/IdeaProjects/mybill)
2019-05-14 16:28:16,946 com.Application [main] (SpringApplication.java:593) INFO  --> No active profile set, falling back to default profiles: default
2019-05-14 16:28:17,002 org.springframework.boot.context.embedded.AnnotationConfigEmbeddedWebApplicationContext [main] (AbstractApplicationContext.java:583) INFO  --> Refreshing org.springframework.boot.context.embedded.AnnotationConfigEmbeddedWebApplicationContext@130f889: startup date [Tue May 14 16:28:16 CST 2019]; root of context hierarchy
2019-05-14 16:28:17,234 org.hibernate.validator.internal.util.Version [background-preinit] (Version.java:30) INFO  --> HV000001: Hibernate Validator 5.3.6.Final
2019-05-14 16:28:18,985 org.springframework.boot.context.embedded.tomcat.TomcatEmbeddedServletContainer [main] (TomcatEmbeddedServletContainer.java:89) INFO  --> Tomcat initialized with port(s): 8082 (http)
2019-05-14 16:28:19,056 org.springframework.web.context.ContextLoader [localhost-startStop-1] (EmbeddedWebApplicationContext.java:276) INFO  --> Root WebApplicationContext: initialization completed in 2057 ms
2019-05-14 16:28:19,129 org.springframework.boot.web.servlet.ServletRegistrationBean [localhost-startStop-1] (ServletRegistrationBean.java:190) INFO  --> Mapping servlet: 'dispatcherServlet' to [/]
2019-05-14 16:28:19,132 org.springframework.boot.web.servlet.FilterRegistrationBean [localhost-startStop-1] (AbstractFilterRegistrationBean.java:258) INFO  --> Mapping filter: 'characterEncodingFilter' to: [/*]
2019-05-14 16:28:19,132 org.springframework.boot.web.servlet.FilterRegistrationBean [localhost-startStop-1] (AbstractFilterRegistrationBean.java:258) INFO  --> Mapping filter: 'hiddenHttpMethodFilter' to: [/*]
2019-05-14 16:28:19,132 org.springframework.boot.web.servlet.FilterRegistrationBean [localhost-startStop-1] (AbstractFilterRegistrationBean.java:258) INFO  --> Mapping filter: 'httpPutFormContentFilter' to: [/*]
2019-05-14 16:28:19,132 org.springframework.boot.web.servlet.FilterRegistrationBean [localhost-startStop-1] (AbstractFilterRegistrationBean.java:258) INFO  --> Mapping filter: 'requestContextFilter' to: [/*]
2019-05-14 16:28:19,132 org.springframework.boot.web.servlet.FilterRegistrationBean [localhost-startStop-1] (AbstractFilterRegistrationBean.java:258) INFO  --> Mapping filter: 'crossFilter' to: [/*]
2019-05-14 16:28:19,713 org.springframework.web.servlet.mvc.method.annotation.RequestMappingHandlerAdapter [main] (RequestMappingHandlerAdapter.java:556) INFO  --> Looking for @ControllerAdvice: org.springframework.boot.context.embedded.AnnotationConfigEmbeddedWebApplicationContext@130f889: startup date [Tue May 14 16:28:16 CST 2019]; root of context hierarchy
2019-05-14 16:28:19,753 org.springframework.web.servlet.mvc.method.annotation.RequestMappingHandlerMapping [main] (AbstractHandlerMethodMapping.java:543) INFO  --> Mapped "{[/hello]}" onto public java.lang.String com.controller.HelloController.index()
2019-05-14 16:28:19,760 org.springframework.web.servlet.mvc.method.annotation.RequestMappingHandlerMapping [main] (AbstractHandlerMethodMapping.java:543) INFO  --> Mapped "{[/bill/getSpecies],methods=[GET]}" onto public com.util.RestResponse<java.util.List<com.model.auto.Species>> com.controller.bill.BillController.getSpecies(long,int)
2019-05-14 16:28:19,760 org.springframework.web.servlet.mvc.method.annotation.RequestMappingHandlerMapping [main] (AbstractHandlerMethodMapping.java:543) INFO  --> Mapped "{[/bill/getDelSystemSpecies],methods=[GET]}" onto public com.util.RestResponse<java.util.List<com.model.auto.Species>> com.controller.bill.BillController.getDelSystemSpecies(long,int)
2019-05-14 16:28:19,761 org.springframework.web.servlet.mvc.method.annotation.RequestMappingHandlerMapping [main] (AbstractHandlerMethodMapping.java:543) INFO  --> Mapped "{[/bill/addSpecies],methods=[POST]}" onto public com.util.RestResponse<java.lang.Integer> com.controller.bill.BillController.addSpecies(com.dto.request.AddSpeciesRequestDto)
2019-05-14 16:28:19,762 org.springframework.web.servlet.mvc.method.annotation.RequestMappingHandlerMapping [main] (AbstractHandlerMethodMapping.java:543) INFO  --> Mapped "{[/bill/deleteSpecies],methods=[GET]}" onto public com.util.RestResponse<java.lang.Boolean> com.controller.bill.BillController.deleteSpecies(java.lang.Long)
2019-05-14 16:28:19,762 org.springframework.web.servlet.mvc.method.annotation.RequestMappingHandlerMapping [main] (AbstractHandlerMethodMapping.java:543) INFO  --> Mapped "{[/bill/addSystemSpecies],methods=[GET]}" onto public com.util.RestResponse<java.lang.Boolean> com.controller.bill.BillController.addSystemSpecies(java.lang.Long)
2019-05-14 16:28:19,763 org.springframework.web.servlet.mvc.method.annotation.RequestMappingHandlerMapping [main] (AbstractHandlerMethodMapping.java:543) INFO  --> Mapped "{[/bill/addAmount],methods=[POST]}" onto public com.util.RestResponse<java.lang.Integer> com.controller.bill.BillController.addAmount(com.dto.request.AddAmountRequestDto)
2019-05-14 16:28:19,763 org.springframework.web.servlet.mvc.method.annotation.RequestMappingHandlerMapping [main] (AbstractHandlerMethodMapping.java:543) INFO  --> Mapped "{[/bill/getAmount],methods=[GET]}" onto public com.util.RestResponse<java.util.List<com.dto.response.AmountResponseDto>> com.controller.bill.BillController.getAmount(long,java.lang.Integer)
2019-05-14 16:28:19,763 org.springframework.web.servlet.mvc.method.annotation.RequestMappingHandlerMapping [main] (AbstractHandlerMethodMapping.java:543) INFO  --> Mapped "{[/bill/createAccount],methods=[POST]}" onto public com.util.RestResponse<java.lang.Boolean> com.controller.bill.BillController.createAccount(com.dto.common.CreateAccountDto)
2019-05-14 16:28:19,764 org.springframework.web.servlet.mvc.method.annotation.RequestMappingHandlerMapping [main] (AbstractHandlerMethodMapping.java:543) INFO  --> Mapped "{[/bill/getAccount],methods=[GET]}" onto public com.util.RestResponse<java.util.List<com.dto.response.AccountResponseDto>> com.controller.bill.BillController.getAccount(long)
2019-05-14 16:28:19,765 org.springframework.web.servlet.mvc.method.annotation.RequestMappingHandlerMapping [main] (AbstractHandlerMethodMapping.java:543) INFO  --> Mapped "{[/user/isHadUserNumber],methods=[GET]}" onto public boolean com.controller.user.UserController.isHadUserNumber(long)
2019-05-14 16:28:19,765 org.springframework.web.servlet.mvc.method.annotation.RequestMappingHandlerMapping [main] (AbstractHandlerMethodMapping.java:543) INFO  --> Mapped "{[/user/verifyPassword],methods=[POST]}" onto public boolean com.controller.user.UserController.verifyPassword(com.dto.LoginDto)
2019-05-14 16:28:19,766 org.springframework.web.servlet.mvc.method.annotation.RequestMappingHandlerMapping [main] (AbstractHandlerMethodMapping.java:543) INFO  --> Mapped "{[/user/createUser],methods=[POST]}" onto public boolean com.controller.user.UserController.createUser(com.dto.CreateUserDto)
2019-05-14 16:28:19,766 org.springframework.web.servlet.mvc.method.annotation.RequestMappingHandlerMapping [main] (AbstractHandlerMethodMapping.java:543) INFO  --> Mapped "{[/user/login],methods=[POST]}" onto public boolean com.controller.user.UserController.login(com.dto.LoginDto)
2019-05-14 16:28:19,766 org.springframework.web.servlet.mvc.method.annotation.RequestMappingHandlerMapping [main] (AbstractHandlerMethodMapping.java:543) INFO  --> Mapped "{[/user/addMember],methods=[POST]}" onto public com.util.RestResponse<java.lang.Integer> com.controller.user.UserController.addMember(com.dto.request.AddMemberRequest)
2019-05-14 16:28:19,768 org.springframework.web.servlet.mvc.method.annotation.RequestMappingHandlerMapping [main] (AbstractHandlerMethodMapping.java:543) INFO  --> Mapped "{[/error]}" onto public org.springframework.http.ResponseEntity<java.util.Map<java.lang.String, java.lang.Object>> org.springframework.boot.autoconfigure.web.BasicErrorController.error(javax.servlet.http.HttpServletRequest)
2019-05-14 16:28:19,769 org.springframework.web.servlet.mvc.method.annotation.RequestMappingHandlerMapping [main] (AbstractHandlerMethodMapping.java:543) INFO  --> Mapped "{[/error],produces=[text/html]}" onto public org.springframework.web.servlet.ModelAndView org.springframework.boot.autoconfigure.web.BasicErrorController.errorHtml(javax.servlet.http.HttpServletRequest,javax.servlet.http.HttpServletResponse)
2019-05-14 16:28:19,791 org.springframework.web.servlet.handler.SimpleUrlHandlerMapping [main] (AbstractUrlHandlerMapping.java:362) INFO  --> Mapped URL path [/webjars/**] onto handler of type [class org.springframework.web.servlet.resource.ResourceHttpRequestHandler]
2019-05-14 16:28:19,791 org.springframework.web.servlet.handler.SimpleUrlHandlerMapping [main] (AbstractUrlHandlerMapping.java:362) INFO  --> Mapped URL path [/**] onto handler of type [class org.springframework.web.servlet.resource.ResourceHttpRequestHandler]
2019-05-14 16:28:19,818 org.springframework.web.servlet.handler.SimpleUrlHandlerMapping [main] (AbstractUrlHandlerMapping.java:362) INFO  --> Mapped URL path [/**/favicon.ico] onto handler of type [class org.springframework.web.servlet.resource.ResourceHttpRequestHandler]
2019-05-14 16:28:20,044 org.springframework.jmx.export.annotation.AnnotationMBeanExporter [main] (MBeanExporter.java:431) INFO  --> Registering beans for JMX exposure on startup
2019-05-14 16:28:20,086 org.springframework.boot.context.embedded.tomcat.TomcatEmbeddedServletContainer [main] (TomcatEmbeddedServletContainer.java:201) INFO  --> Tomcat started on port(s): 8082 (http)
2019-05-14 16:28:20,090 com.Application [main] (StartupInfoLogger.java:57) INFO  --> Started Application in 3.496 seconds (JVM running for 4.262)
2019-05-14 17:04:41,696 org.springframework.boot.context.embedded.AnnotationConfigEmbeddedWebApplicationContext [Thread-11] (AbstractApplicationContext.java:984) INFO  --> Closing org.springframework.boot.context.embedded.AnnotationConfigEmbeddedWebApplicationContext@130f889: startup date [Tue May 14 16:28:16 CST 2019]; root of context hierarchy
2019-05-14 17:04:41,711 org.springframework.jmx.export.annotation.AnnotationMBeanExporter [Thread-11] (MBeanExporter.java:449) INFO  --> Unregistering JMX-exposed beans on shutdown
2019-05-14 17:07:09,189 com.Application [main] (StartupInfoLogger.java:48) INFO  --> Starting Application on bjhldeMacBook-Pro-112.local with PID 1968 (/Users/bjhl/IdeaProjects/mybill/app/target/classes started by bjhl in /Users/bjhl/IdeaProjects/mybill)
2019-05-14 17:07:09,190 com.Application [main] (SpringApplication.java:593) INFO  --> No active profile set, falling back to default profiles: default
2019-05-14 17:07:09,371 org.springframework.boot.context.embedded.AnnotationConfigEmbeddedWebApplicationContext [main] (AbstractApplicationContext.java:583) INFO  --> Refreshing org.springframework.boot.context.embedded.AnnotationConfigEmbeddedWebApplicationContext@130f889: startup date [Tue May 14 17:07:09 CST 2019]; root of context hierarchy
2019-05-14 17:07:09,443 org.hibernate.validator.internal.util.Version [background-preinit] (Version.java:30) INFO  --> HV000001: Hibernate Validator 5.3.6.Final
2019-05-14 17:07:11,619 org.springframework.boot.context.embedded.tomcat.TomcatEmbeddedServletContainer [main] (TomcatEmbeddedServletContainer.java:89) INFO  --> Tomcat initialized with port(s): 8082 (http)
2019-05-14 17:07:11,712 org.springframework.web.context.ContextLoader [localhost-startStop-1] (EmbeddedWebApplicationContext.java:276) INFO  --> Root WebApplicationContext: initialization completed in 2344 ms
2019-05-14 17:07:11,809 org.springframework.boot.web.servlet.ServletRegistrationBean [localhost-startStop-1] (ServletRegistrationBean.java:190) INFO  --> Mapping servlet: 'dispatcherServlet' to [/]
2019-05-14 17:07:11,811 org.springframework.boot.web.servlet.FilterRegistrationBean [localhost-startStop-1] (AbstractFilterRegistrationBean.java:258) INFO  --> Mapping filter: 'characterEncodingFilter' to: [/*]
2019-05-14 17:07:11,812 org.springframework.boot.web.servlet.FilterRegistrationBean [localhost-startStop-1] (AbstractFilterRegistrationBean.java:258) INFO  --> Mapping filter: 'hiddenHttpMethodFilter' to: [/*]
2019-05-14 17:07:11,812 org.springframework.boot.web.servlet.FilterRegistrationBean [localhost-startStop-1] (AbstractFilterRegistrationBean.java:258) INFO  --> Mapping filter: 'httpPutFormContentFilter' to: [/*]
2019-05-14 17:07:11,812 org.springframework.boot.web.servlet.FilterRegistrationBean [localhost-startStop-1] (AbstractFilterRegistrationBean.java:258) INFO  --> Mapping filter: 'requestContextFilter' to: [/*]
2019-05-14 17:07:11,812 org.springframework.boot.web.servlet.FilterRegistrationBean [localhost-startStop-1] (AbstractFilterRegistrationBean.java:258) INFO  --> Mapping filter: 'crossFilter' to: [/*]
2019-05-14 17:07:12,652 org.springframework.web.servlet.mvc.method.annotation.RequestMappingHandlerAdapter [main] (RequestMappingHandlerAdapter.java:556) INFO  --> Looking for @ControllerAdvice: org.springframework.boot.context.embedded.AnnotationConfigEmbeddedWebApplicationContext@130f889: startup date [Tue May 14 17:07:09 CST 2019]; root of context hierarchy
2019-05-14 17:07:12,693 org.springframework.web.servlet.mvc.method.annotation.RequestMappingHandlerMapping [main] (AbstractHandlerMethodMapping.java:543) INFO  --> Mapped "{[/hello]}" onto public java.lang.String com.controller.HelloController.index()
2019-05-14 17:07:12,700 org.springframework.web.servlet.mvc.method.annotation.RequestMappingHandlerMapping [main] (AbstractHandlerMethodMapping.java:543) INFO  --> Mapped "{[/bill/getSpecies],methods=[GET]}" onto public com.util.RestResponse<java.util.List<com.model.auto.Species>> com.controller.bill.BillController.getSpecies(long,int)
2019-05-14 17:07:12,701 org.springframework.web.servlet.mvc.method.annotation.RequestMappingHandlerMapping [main] (AbstractHandlerMethodMapping.java:543) INFO  --> Mapped "{[/bill/getDelSystemSpecies],methods=[GET]}" onto public com.util.RestResponse<java.util.List<com.model.auto.Species>> com.controller.bill.BillController.getDelSystemSpecies(long,int)
2019-05-14 17:07:12,702 org.springframework.web.servlet.mvc.method.annotation.RequestMappingHandlerMapping [main] (AbstractHandlerMethodMapping.java:543) INFO  --> Mapped "{[/bill/addSpecies],methods=[POST]}" onto public com.util.RestResponse<java.lang.Integer> com.controller.bill.BillController.addSpecies(com.dto.request.AddSpeciesRequestDto)
2019-05-14 17:07:12,702 org.springframework.web.servlet.mvc.method.annotation.RequestMappingHandlerMapping [main] (AbstractHandlerMethodMapping.java:543) INFO  --> Mapped "{[/bill/deleteSpecies],methods=[GET]}" onto public com.util.RestResponse<java.lang.Boolean> com.controller.bill.BillController.deleteSpecies(java.lang.Long)
2019-05-14 17:07:12,703 org.springframework.web.servlet.mvc.method.annotation.RequestMappingHandlerMapping [main] (AbstractHandlerMethodMapping.java:543) INFO  --> Mapped "{[/bill/addSystemSpecies],methods=[GET]}" onto public com.util.RestResponse<java.lang.Boolean> com.controller.bill.BillController.addSystemSpecies(java.lang.Long)
2019-05-14 17:07:12,703 org.springframework.web.servlet.mvc.method.annotation.RequestMappingHandlerMapping [main] (AbstractHandlerMethodMapping.java:543) INFO  --> Mapped "{[/bill/addAmount],methods=[POST]}" onto public com.util.RestResponse<java.lang.Integer> com.controller.bill.BillController.addAmount(com.dto.request.AddAmountRequestDto)
2019-05-14 17:07:12,704 org.springframework.web.servlet.mvc.method.annotation.RequestMappingHandlerMapping [main] (AbstractHandlerMethodMapping.java:543) INFO  --> Mapped "{[/bill/getAmount],methods=[GET]}" onto public com.util.RestResponse<java.util.List<com.dto.response.AmountResponseDto>> com.controller.bill.BillController.getAmount(long,java.lang.Integer)
2019-05-14 17:07:12,704 org.springframework.web.servlet.mvc.method.annotation.RequestMappingHandlerMapping [main] (AbstractHandlerMethodMapping.java:543) INFO  --> Mapped "{[/bill/createAccount],methods=[POST]}" onto public com.util.RestResponse<java.lang.Boolean> com.controller.bill.BillController.createAccount(com.dto.common.CreateAccountDto)
2019-05-14 17:07:12,704 org.springframework.web.servlet.mvc.method.annotation.RequestMappingHandlerMapping [main] (AbstractHandlerMethodMapping.java:543) INFO  --> Mapped "{[/bill/getAccount],methods=[GET]}" onto public com.util.RestResponse<java.util.List<com.dto.response.AccountResponseDto>> com.controller.bill.BillController.getAccount(long)
2019-05-14 17:07:12,706 org.springframework.web.servlet.mvc.method.annotation.RequestMappingHandlerMapping [main] (AbstractHandlerMethodMapping.java:543) INFO  --> Mapped "{[/user/isHadUserNumber],methods=[GET]}" onto public boolean com.controller.user.UserController.isHadUserNumber(long)
2019-05-14 17:07:12,706 org.springframework.web.servlet.mvc.method.annotation.RequestMappingHandlerMapping [main] (AbstractHandlerMethodMapping.java:543) INFO  --> Mapped "{[/user/verifyPassword],methods=[POST]}" onto public boolean com.controller.user.UserController.verifyPassword(com.dto.LoginDto)
2019-05-14 17:07:12,706 org.springframework.web.servlet.mvc.method.annotation.RequestMappingHandlerMapping [main] (AbstractHandlerMethodMapping.java:543) INFO  --> Mapped "{[/user/createUser],methods=[POST]}" onto public boolean com.controller.user.UserController.createUser(com.dto.CreateUserDto)
2019-05-14 17:07:12,707 org.springframework.web.servlet.mvc.method.annotation.RequestMappingHandlerMapping [main] (AbstractHandlerMethodMapping.java:543) INFO  --> Mapped "{[/user/login],methods=[POST]}" onto public boolean com.controller.user.UserController.login(com.dto.LoginDto)
2019-05-14 17:07:12,707 org.springframework.web.servlet.mvc.method.annotation.RequestMappingHandlerMapping [main] (AbstractHandlerMethodMapping.java:543) INFO  --> Mapped "{[/user/addMember],methods=[POST]}" onto public com.util.RestResponse<java.lang.Integer> com.controller.user.UserController.addMember(com.dto.request.AddMemberRequest)
2019-05-14 17:07:12,709 org.springframework.web.servlet.mvc.method.annotation.RequestMappingHandlerMapping [main] (AbstractHandlerMethodMapping.java:543) INFO  --> Mapped "{[/error]}" onto public org.springframework.http.ResponseEntity<java.util.Map<java.lang.String, java.lang.Object>> org.springframework.boot.autoconfigure.web.BasicErrorController.error(javax.servlet.http.HttpServletRequest)
2019-05-14 17:07:12,709 org.springframework.web.servlet.mvc.method.annotation.RequestMappingHandlerMapping [main] (AbstractHandlerMethodMapping.java:543) INFO  --> Mapped "{[/error],produces=[text/html]}" onto public org.springframework.web.servlet.ModelAndView org.springframework.boot.autoconfigure.web.BasicErrorController.errorHtml(javax.servlet.http.HttpServletRequest,javax.servlet.http.HttpServletResponse)
2019-05-14 17:07:12,732 org.springframework.web.servlet.handler.SimpleUrlHandlerMapping [main] (AbstractUrlHandlerMapping.java:362) INFO  --> Mapped URL path [/webjars/**] onto handler of type [class org.springframework.web.servlet.resource.ResourceHttpRequestHandler]
2019-05-14 17:07:12,732 org.springframework.web.servlet.handler.SimpleUrlHandlerMapping [main] (AbstractUrlHandlerMapping.java:362) INFO  --> Mapped URL path [/**] onto handler of type [class org.springframework.web.servlet.resource.ResourceHttpRequestHandler]
2019-05-14 17:07:12,761 org.springframework.web.servlet.handler.SimpleUrlHandlerMapping [main] (AbstractUrlHandlerMapping.java:362) INFO  --> Mapped URL path [/**/favicon.ico] onto handler of type [class org.springframework.web.servlet.resource.ResourceHttpRequestHandler]
2019-05-14 17:07:12,968 org.springframework.jmx.export.annotation.AnnotationMBeanExporter [main] (MBeanExporter.java:431) INFO  --> Registering beans for JMX exposure on startup
2019-05-14 17:07:13,030 org.springframework.boot.context.embedded.tomcat.TomcatEmbeddedServletContainer [main] (TomcatEmbeddedServletContainer.java:201) INFO  --> Tomcat started on port(s): 8082 (http)
2019-05-14 17:07:13,035 com.Application [main] (StartupInfoLogger.java:57) INFO  --> Started Application in 4.123 seconds (JVM running for 4.928)
2019-05-14 17:07:25,575 org.springframework.web.servlet.DispatcherServlet [http-nio-8082-exec-1] (FrameworkServlet.java:489) INFO  --> FrameworkServlet 'dispatcherServlet': initialization started
2019-05-14 17:07:25,594 org.springframework.web.servlet.DispatcherServlet [http-nio-8082-exec-1] (FrameworkServlet.java:508) INFO  --> FrameworkServlet 'dispatcherServlet': initialization completed in 18 ms
2019-05-14 20:01:05,995 org.springframework.boot.context.embedded.AnnotationConfigEmbeddedWebApplicationContext [Thread-11] (AbstractApplicationContext.java:984) INFO  --> Closing org.springframework.boot.context.embedded.AnnotationConfigEmbeddedWebApplicationContext@130f889: startup date [Tue May 14 17:07:09 CST 2019]; root of context hierarchy
2019-05-14 20:01:06,015 org.springframework.jmx.export.annotation.AnnotationMBeanExporter [Thread-11] (MBeanExporter.java:449) INFO  --> Unregistering JMX-exposed beans on shutdown
