2019-05-07 15:01:41,389 com.Application [main] (StartupInfoLogger.java:48) INFO  --> Starting Application on bjhldeMacBook-Pro-112.local with PID 56416 (/Users/bjhl/IdeaProjects/mybill/app/target/classes started by bjhl in /Users/bjhl/IdeaProjects/mybill)
2019-05-07 15:01:41,392 com.Application [main] (SpringApplication.java:593) INFO  --> No active profile set, falling back to default profiles: default
2019-05-07 15:01:41,557 org.springframework.boot.context.embedded.AnnotationConfigEmbeddedWebApplicationContext [main] (AbstractApplicationContext.java:583) INFO  --> Refreshing org.springframework.boot.context.embedded.AnnotationConfigEmbeddedWebApplicationContext@130f889: startup date [Tue May 07 15:01:41 CST 2019]; root of context hierarchy
2019-05-07 15:01:41,758 org.hibernate.validator.internal.util.Version [background-preinit] (Version.java:30) INFO  --> HV000001: Hibernate Validator 5.3.6.Final
2019-05-07 15:01:45,801 org.springframework.boot.context.embedded.tomcat.TomcatEmbeddedServletContainer [main] (TomcatEmbeddedServletContainer.java:89) INFO  --> Tomcat initialized with port(s): 8082 (http)
2019-05-07 15:01:45,922 org.springframework.web.context.ContextLoader [localhost-startStop-1] (EmbeddedWebApplicationContext.java:276) INFO  --> Root WebApplicationContext: initialization completed in 4372 ms
2019-05-07 15:01:46,070 org.springframework.boot.web.servlet.ServletRegistrationBean [localhost-startStop-1] (ServletRegistrationBean.java:190) INFO  --> Mapping servlet: 'dispatcherServlet' to [/]
2019-05-07 15:01:46,083 org.springframework.boot.web.servlet.FilterRegistrationBean [localhost-startStop-1] (AbstractFilterRegistrationBean.java:258) INFO  --> Mapping filter: 'characterEncodingFilter' to: [/*]
2019-05-07 15:01:46,084 org.springframework.boot.web.servlet.FilterRegistrationBean [localhost-startStop-1] (AbstractFilterRegistrationBean.java:258) INFO  --> Mapping filter: 'hiddenHttpMethodFilter' to: [/*]
2019-05-07 15:01:46,086 org.springframework.boot.web.servlet.FilterRegistrationBean [localhost-startStop-1] (AbstractFilterRegistrationBean.java:258) INFO  --> Mapping filter: 'httpPutFormContentFilter' to: [/*]
2019-05-07 15:01:46,086 org.springframework.boot.web.servlet.FilterRegistrationBean [localhost-startStop-1] (AbstractFilterRegistrationBean.java:258) INFO  --> Mapping filter: 'requestContextFilter' to: [/*]
2019-05-07 15:01:46,087 org.springframework.boot.web.servlet.FilterRegistrationBean [localhost-startStop-1] (AbstractFilterRegistrationBean.java:258) INFO  --> Mapping filter: 'crossFilter' to: [/*]
2019-05-07 15:01:47,322 org.springframework.web.servlet.mvc.method.annotation.RequestMappingHandlerAdapter [main] (RequestMappingHandlerAdapter.java:556) INFO  --> Looking for @ControllerAdvice: org.springframework.boot.context.embedded.AnnotationConfigEmbeddedWebApplicationContext@130f889: startup date [Tue May 07 15:01:41 CST 2019]; root of context hierarchy
2019-05-07 15:01:47,404 org.springframework.web.servlet.mvc.method.annotation.RequestMappingHandlerMapping [main] (AbstractHandlerMethodMapping.java:543) INFO  --> Mapped "{[/hello]}" onto public java.lang.String com.controller.HelloController.index()
2019-05-07 15:01:47,413 org.springframework.web.servlet.mvc.method.annotation.RequestMappingHandlerMapping [main] (AbstractHandlerMethodMapping.java:543) INFO  --> Mapped "{[/bill/getSpecies],methods=[GET]}" onto public com.util.RestResponse<java.util.List<com.model.auto.Species>> com.controller.bill.BillController.getSpecies(long,int)
2019-05-07 15:01:47,413 org.springframework.web.servlet.mvc.method.annotation.RequestMappingHandlerMapping [main] (AbstractHandlerMethodMapping.java:543) INFO  --> Mapped "{[/bill/addSpecies],methods=[POST]}" onto public com.util.RestResponse<java.lang.Integer> com.controller.bill.BillController.addSpecies(com.dto.request.AddSpeciesRequestDto)
2019-05-07 15:01:47,415 org.springframework.web.servlet.mvc.method.annotation.RequestMappingHandlerMapping [main] (AbstractHandlerMethodMapping.java:543) INFO  --> Mapped "{[/bill/addAmount],methods=[POST]}" onto public com.util.RestResponse<java.lang.Integer> com.controller.bill.BillController.addAmount(com.dto.request.AddAmountRequestDto)
2019-05-07 15:01:47,416 org.springframework.web.servlet.mvc.method.annotation.RequestMappingHandlerMapping [main] (AbstractHandlerMethodMapping.java:543) INFO  --> Mapped "{[/bill/getAmount],methods=[GET]}" onto public com.util.RestResponse<java.util.List<com.dto.response.AmountResponseDto>> com.controller.bill.BillController.getAmount(long)
2019-05-07 15:01:47,416 org.springframework.web.servlet.mvc.method.annotation.RequestMappingHandlerMapping [main] (AbstractHandlerMethodMapping.java:543) INFO  --> Mapped "{[/bill/createAccount],methods=[POST]}" onto public com.util.RestResponse<java.lang.Boolean> com.controller.bill.BillController.createAccount(com.dto.common.CreateAccountDto)
2019-05-07 15:01:47,417 org.springframework.web.servlet.mvc.method.annotation.RequestMappingHandlerMapping [main] (AbstractHandlerMethodMapping.java:543) INFO  --> Mapped "{[/bill/getAccount],methods=[GET]}" onto public com.util.RestResponse<java.util.List<com.dto.response.AccountResponseDto>> com.controller.bill.BillController.getAccount(long)
2019-05-07 15:01:47,419 org.springframework.web.servlet.mvc.method.annotation.RequestMappingHandlerMapping [main] (AbstractHandlerMethodMapping.java:543) INFO  --> Mapped "{[/user/login],methods=[POST]}" onto public boolean com.controller.user.UserController.login(com.dto.LoginDto)
2019-05-07 15:01:47,420 org.springframework.web.servlet.mvc.method.annotation.RequestMappingHandlerMapping [main] (AbstractHandlerMethodMapping.java:543) INFO  --> Mapped "{[/user/isHadUserNumber],methods=[GET]}" onto public boolean com.controller.user.UserController.isHadUserNumber(long)
2019-05-07 15:01:47,420 org.springframework.web.servlet.mvc.method.annotation.RequestMappingHandlerMapping [main] (AbstractHandlerMethodMapping.java:543) INFO  --> Mapped "{[/user/verifyPassword],methods=[POST]}" onto public boolean com.controller.user.UserController.verifyPassword(com.dto.LoginDto)
2019-05-07 15:01:47,422 org.springframework.web.servlet.mvc.method.annotation.RequestMappingHandlerMapping [main] (AbstractHandlerMethodMapping.java:543) INFO  --> Mapped "{[/user/createUser],methods=[POST]}" onto public boolean com.controller.user.UserController.createUser(com.dto.CreateUserDto)
2019-05-07 15:01:47,425 org.springframework.web.servlet.mvc.method.annotation.RequestMappingHandlerMapping [main] (AbstractHandlerMethodMapping.java:543) INFO  --> Mapped "{[/error]}" onto public org.springframework.http.ResponseEntity<java.util.Map<java.lang.String, java.lang.Object>> org.springframework.boot.autoconfigure.web.BasicErrorController.error(javax.servlet.http.HttpServletRequest)
2019-05-07 15:01:47,426 org.springframework.web.servlet.mvc.method.annotation.RequestMappingHandlerMapping [main] (AbstractHandlerMethodMapping.java:543) INFO  --> Mapped "{[/error],produces=[text/html]}" onto public org.springframework.web.servlet.ModelAndView org.springframework.boot.autoconfigure.web.BasicErrorController.errorHtml(javax.servlet.http.HttpServletRequest,javax.servlet.http.HttpServletResponse)
2019-05-07 15:01:47,460 org.springframework.web.servlet.handler.SimpleUrlHandlerMapping [main] (AbstractUrlHandlerMapping.java:362) INFO  --> Mapped URL path [/webjars/**] onto handler of type [class org.springframework.web.servlet.resource.ResourceHttpRequestHandler]
2019-05-07 15:01:47,460 org.springframework.web.servlet.handler.SimpleUrlHandlerMapping [main] (AbstractUrlHandlerMapping.java:362) INFO  --> Mapped URL path [/**] onto handler of type [class org.springframework.web.servlet.resource.ResourceHttpRequestHandler]
2019-05-07 15:01:47,502 org.springframework.web.servlet.handler.SimpleUrlHandlerMapping [main] (AbstractUrlHandlerMapping.java:362) INFO  --> Mapped URL path [/**/favicon.ico] onto handler of type [class org.springframework.web.servlet.resource.ResourceHttpRequestHandler]
2019-05-07 15:01:47,922 org.springframework.jmx.export.annotation.AnnotationMBeanExporter [main] (MBeanExporter.java:431) INFO  --> Registering beans for JMX exposure on startup
2019-05-07 15:01:47,991 org.springframework.boot.context.embedded.tomcat.TomcatEmbeddedServletContainer [main] (TomcatEmbeddedServletContainer.java:201) INFO  --> Tomcat started on port(s): 8082 (http)
2019-05-07 15:01:47,996 com.Application [main] (StartupInfoLogger.java:57) INFO  --> Started Application in 7.24 seconds (JVM running for 8.991)
2019-05-07 15:01:56,401 org.springframework.web.servlet.DispatcherServlet [http-nio-8082-exec-1] (FrameworkServlet.java:489) INFO  --> FrameworkServlet 'dispatcherServlet': initialization started
2019-05-07 15:01:56,421 org.springframework.web.servlet.DispatcherServlet [http-nio-8082-exec-1] (FrameworkServlet.java:508) INFO  --> FrameworkServlet 'dispatcherServlet': initialization completed in 19 ms
2019-05-07 16:01:53,842 org.springframework.boot.context.embedded.AnnotationConfigEmbeddedWebApplicationContext [Thread-18] (AbstractApplicationContext.java:984) INFO  --> Closing org.springframework.boot.context.embedded.AnnotationConfigEmbeddedWebApplicationContext@130f889: startup date [Tue May 07 15:01:41 CST 2019]; root of context hierarchy
2019-05-07 16:01:53,935 org.springframework.jmx.export.annotation.AnnotationMBeanExporter [Thread-18] (MBeanExporter.java:449) INFO  --> Unregistering JMX-exposed beans on shutdown
2019-05-07 19:26:11,653 com.Application [main] (StartupInfoLogger.java:48) INFO  --> Starting Application on bjhldeMacBook-Pro-112.local with PID 59249 (/Users/bjhl/IdeaProjects/mybill/app/target/classes started by bjhl in /Users/bjhl/IdeaProjects/mybill)
2019-05-07 19:26:11,657 com.Application [main] (SpringApplication.java:593) INFO  --> No active profile set, falling back to default profiles: default
2019-05-07 19:26:11,851 org.springframework.boot.context.embedded.AnnotationConfigEmbeddedWebApplicationContext [main] (AbstractApplicationContext.java:583) INFO  --> Refreshing org.springframework.boot.context.embedded.AnnotationConfigEmbeddedWebApplicationContext@130f889: startup date [Tue May 07 19:26:11 CST 2019]; root of context hierarchy
2019-05-07 19:26:11,971 org.hibernate.validator.internal.util.Version [background-preinit] (Version.java:30) INFO  --> HV000001: Hibernate Validator 5.3.6.Final
2019-05-07 19:26:14,627 org.springframework.boot.context.embedded.tomcat.TomcatEmbeddedServletContainer [main] (TomcatEmbeddedServletContainer.java:89) INFO  --> Tomcat initialized with port(s): 8082 (http)
2019-05-07 19:26:14,732 org.springframework.web.context.ContextLoader [localhost-startStop-1] (EmbeddedWebApplicationContext.java:276) INFO  --> Root WebApplicationContext: initialization completed in 2889 ms
2019-05-07 19:26:14,847 org.springframework.boot.web.servlet.ServletRegistrationBean [localhost-startStop-1] (ServletRegistrationBean.java:190) INFO  --> Mapping servlet: 'dispatcherServlet' to [/]
2019-05-07 19:26:14,851 org.springframework.boot.web.servlet.FilterRegistrationBean [localhost-startStop-1] (AbstractFilterRegistrationBean.java:258) INFO  --> Mapping filter: 'characterEncodingFilter' to: [/*]
2019-05-07 19:26:14,851 org.springframework.boot.web.servlet.FilterRegistrationBean [localhost-startStop-1] (AbstractFilterRegistrationBean.java:258) INFO  --> Mapping filter: 'hiddenHttpMethodFilter' to: [/*]
2019-05-07 19:26:14,852 org.springframework.boot.web.servlet.FilterRegistrationBean [localhost-startStop-1] (AbstractFilterRegistrationBean.java:258) INFO  --> Mapping filter: 'httpPutFormContentFilter' to: [/*]
2019-05-07 19:26:14,852 org.springframework.boot.web.servlet.FilterRegistrationBean [localhost-startStop-1] (AbstractFilterRegistrationBean.java:258) INFO  --> Mapping filter: 'requestContextFilter' to: [/*]
2019-05-07 19:26:14,852 org.springframework.boot.web.servlet.FilterRegistrationBean [localhost-startStop-1] (AbstractFilterRegistrationBean.java:258) INFO  --> Mapping filter: 'crossFilter' to: [/*]
2019-05-07 19:26:15,709 org.springframework.web.servlet.mvc.method.annotation.RequestMappingHandlerAdapter [main] (RequestMappingHandlerAdapter.java:556) INFO  --> Looking for @ControllerAdvice: org.springframework.boot.context.embedded.AnnotationConfigEmbeddedWebApplicationContext@130f889: startup date [Tue May 07 19:26:11 CST 2019]; root of context hierarchy
2019-05-07 19:26:15,760 org.springframework.web.servlet.mvc.method.annotation.RequestMappingHandlerMapping [main] (AbstractHandlerMethodMapping.java:543) INFO  --> Mapped "{[/hello]}" onto public java.lang.String com.controller.HelloController.index()
2019-05-07 19:26:15,770 org.springframework.web.servlet.mvc.method.annotation.RequestMappingHandlerMapping [main] (AbstractHandlerMethodMapping.java:543) INFO  --> Mapped "{[/bill/getSpecies],methods=[GET]}" onto public com.util.RestResponse<java.util.List<com.model.auto.Species>> com.controller.bill.BillController.getSpecies(long,int)
2019-05-07 19:26:15,771 org.springframework.web.servlet.mvc.method.annotation.RequestMappingHandlerMapping [main] (AbstractHandlerMethodMapping.java:543) INFO  --> Mapped "{[/bill/addSpecies],methods=[POST]}" onto public com.util.RestResponse<java.lang.Integer> com.controller.bill.BillController.addSpecies(com.dto.request.AddSpeciesRequestDto)
2019-05-07 19:26:15,772 org.springframework.web.servlet.mvc.method.annotation.RequestMappingHandlerMapping [main] (AbstractHandlerMethodMapping.java:543) INFO  --> Mapped "{[/bill/addAmount],methods=[POST]}" onto public com.util.RestResponse<java.lang.Integer> com.controller.bill.BillController.addAmount(com.dto.request.AddAmountRequestDto)
2019-05-07 19:26:15,772 org.springframework.web.servlet.mvc.method.annotation.RequestMappingHandlerMapping [main] (AbstractHandlerMethodMapping.java:543) INFO  --> Mapped "{[/bill/getAmount],methods=[GET]}" onto public com.util.RestResponse<java.util.List<com.dto.response.AmountResponseDto>> com.controller.bill.BillController.getAmount(long)
2019-05-07 19:26:15,773 org.springframework.web.servlet.mvc.method.annotation.RequestMappingHandlerMapping [main] (AbstractHandlerMethodMapping.java:543) INFO  --> Mapped "{[/bill/createAccount],methods=[POST]}" onto public com.util.RestResponse<java.lang.Boolean> com.controller.bill.BillController.createAccount(com.dto.common.CreateAccountDto)
2019-05-07 19:26:15,773 org.springframework.web.servlet.mvc.method.annotation.RequestMappingHandlerMapping [main] (AbstractHandlerMethodMapping.java:543) INFO  --> Mapped "{[/bill/getAccount],methods=[GET]}" onto public com.util.RestResponse<java.util.List<com.dto.response.AccountResponseDto>> com.controller.bill.BillController.getAccount(long)
2019-05-07 19:26:15,777 org.springframework.web.servlet.mvc.method.annotation.RequestMappingHandlerMapping [main] (AbstractHandlerMethodMapping.java:543) INFO  --> Mapped "{[/user/isHadUserNumber],methods=[GET]}" onto public boolean com.controller.user.UserController.isHadUserNumber(long)
2019-05-07 19:26:15,778 org.springframework.web.servlet.mvc.method.annotation.RequestMappingHandlerMapping [main] (AbstractHandlerMethodMapping.java:543) INFO  --> Mapped "{[/user/verifyPassword],methods=[POST]}" onto public boolean com.controller.user.UserController.verifyPassword(com.dto.LoginDto)
2019-05-07 19:26:15,778 org.springframework.web.servlet.mvc.method.annotation.RequestMappingHandlerMapping [main] (AbstractHandlerMethodMapping.java:543) INFO  --> Mapped "{[/user/createUser],methods=[POST]}" onto public boolean com.controller.user.UserController.createUser(com.dto.CreateUserDto)
2019-05-07 19:26:15,779 org.springframework.web.servlet.mvc.method.annotation.RequestMappingHandlerMapping [main] (AbstractHandlerMethodMapping.java:543) INFO  --> Mapped "{[/user/login],methods=[POST]}" onto public boolean com.controller.user.UserController.login(com.dto.LoginDto)
2019-05-07 19:26:15,781 org.springframework.web.servlet.mvc.method.annotation.RequestMappingHandlerMapping [main] (AbstractHandlerMethodMapping.java:543) INFO  --> Mapped "{[/error]}" onto public org.springframework.http.ResponseEntity<java.util.Map<java.lang.String, java.lang.Object>> org.springframework.boot.autoconfigure.web.BasicErrorController.error(javax.servlet.http.HttpServletRequest)
2019-05-07 19:26:15,781 org.springframework.web.servlet.mvc.method.annotation.RequestMappingHandlerMapping [main] (AbstractHandlerMethodMapping.java:543) INFO  --> Mapped "{[/error],produces=[text/html]}" onto public org.springframework.web.servlet.ModelAndView org.springframework.boot.autoconfigure.web.BasicErrorController.errorHtml(javax.servlet.http.HttpServletRequest,javax.servlet.http.HttpServletResponse)
2019-05-07 19:26:15,812 org.springframework.web.servlet.handler.SimpleUrlHandlerMapping [main] (AbstractUrlHandlerMapping.java:362) INFO  --> Mapped URL path [/webjars/**] onto handler of type [class org.springframework.web.servlet.resource.ResourceHttpRequestHandler]
2019-05-07 19:26:15,812 org.springframework.web.servlet.handler.SimpleUrlHandlerMapping [main] (AbstractUrlHandlerMapping.java:362) INFO  --> Mapped URL path [/**] onto handler of type [class org.springframework.web.servlet.resource.ResourceHttpRequestHandler]
2019-05-07 19:26:15,845 org.springframework.web.servlet.handler.SimpleUrlHandlerMapping [main] (AbstractUrlHandlerMapping.java:362) INFO  --> Mapped URL path [/**/favicon.ico] onto handler of type [class org.springframework.web.servlet.resource.ResourceHttpRequestHandler]
2019-05-07 19:26:16,121 org.springframework.jmx.export.annotation.AnnotationMBeanExporter [main] (MBeanExporter.java:431) INFO  --> Registering beans for JMX exposure on startup
2019-05-07 19:26:16,190 org.springframework.boot.context.embedded.tomcat.TomcatEmbeddedServletContainer [main] (TomcatEmbeddedServletContainer.java:201) INFO  --> Tomcat started on port(s): 8082 (http)
2019-05-07 19:26:16,198 com.Application [main] (StartupInfoLogger.java:57) INFO  --> Started Application in 4.949 seconds (JVM running for 6.436)
2019-05-07 19:28:22,149 org.springframework.web.servlet.DispatcherServlet [http-nio-8082-exec-1] (FrameworkServlet.java:489) INFO  --> FrameworkServlet 'dispatcherServlet': initialization started
2019-05-07 19:28:22,172 org.springframework.web.servlet.DispatcherServlet [http-nio-8082-exec-1] (FrameworkServlet.java:508) INFO  --> FrameworkServlet 'dispatcherServlet': initialization completed in 21 ms
